2015/01/06 22:21:14 [error] [exception.CHttpException.404] exception 'CHttpException' with message 'Unable to resolve the request "issues".' in /Users/muken/proyectos/yii/yii-1.1.16.bca042/framework/web/CWebApplication.php:286
Stack trace:
#0 /Users/muken/proyectos/yii/yii-1.1.16.bca042/framework/web/CWebApplication.php(141): CWebApplication->runController('issues')
#1 /Users/muken/proyectos/yii/yii-1.1.16.bca042/framework/base/CApplication.php(184): CWebApplication->processRequest()
#2 /Users/muken/proyectos/yii/Yii-examples/trackstar/index.php(13): CApplication->run()
#3 {main}
REQUEST_URI=/trackstar/index.php?r=issues
---
2015/01/06 22:26:11 [error] [exception.CException] exception 'CException' with message 'IssueController contains improperly nested widget tags in its view "/Users/muken/proyectos/yii/Yii-examples/trackstar/protected/views/issue/_form.php". A CActiveForm widget does not have an endWidget() call.' in /Users/muken/proyectos/yii/yii-1.1.16.bca042/framework/web/CBaseController.php:101
Stack trace:
#0 /Users/muken/proyectos/yii/yii-1.1.16.bca042/framework/web/CController.php(869): CBaseController->renderFile('/Users/muken/pr...', Array, true)
#1 /Users/muken/proyectos/yii/Yii-examples/trackstar/protected/views/issue/create.php(18): CController->renderPartial('_form', Array)
#2 /Users/muken/proyectos/yii/yii-1.1.16.bca042/framework/web/CBaseController.php(126): require('/Users/muken/pr...')
#3 /Users/muken/proyectos/yii/yii-1.1.16.bca042/framework/web/CBaseController.php(95): CBaseController->renderInternal('/Users/muken/pr...', Array, true)
#4 /Users/muken/proyectos/yii/yii-1.1.16.bca042/framework/web/CController.php(869): CBaseController->renderFile('/Users/muken/pr...', Array, true)
#5 /Users/muken/proyectos/yii/yii-1.1.16.bca042/framework/web/CController.php(782): CController->renderPartial('create', Array, true)
#6 /Users/muken/proyectos/yii/Yii-examples/trackstar/protected/controllers/IssueController.php(79): CController->render('create', Array)
#7 /Users/muken/proyectos/yii/yii-1.1.16.bca042/framework/web/actions/CInlineAction.php(49): IssueController->actionCreate()
#8 /Users/muken/proyectos/yii/yii-1.1.16.bca042/framework/web/CController.php(308): CInlineAction->runWithParams(Array)
#9 /Users/muken/proyectos/yii/yii-1.1.16.bca042/framework/web/filters/CFilterChain.php(133): CController->runAction(Object(CInlineAction))
#10 /Users/muken/proyectos/yii/yii-1.1.16.bca042/framework/web/filters/CFilter.php(40): CFilterChain->run()
#11 /Users/muken/proyectos/yii/yii-1.1.16.bca042/framework/web/CController.php(1145): CFilter->filter(Object(CFilterChain))
#12 /Users/muken/proyectos/yii/yii-1.1.16.bca042/framework/web/filters/CInlineFilter.php(58): CController->filterAccessControl(Object(CFilterChain))
#13 /Users/muken/proyectos/yii/yii-1.1.16.bca042/framework/web/filters/CFilterChain.php(130): CInlineFilter->filter(Object(CFilterChain))
#14 /Users/muken/proyectos/yii/yii-1.1.16.bca042/framework/web/CController.php(291): CFilterChain->run()
#15 /Users/muken/proyectos/yii/yii-1.1.16.bca042/framework/web/CController.php(265): CController->runActionWithFilters(Object(CInlineAction), Array)
#16 /Users/muken/proyectos/yii/yii-1.1.16.bca042/framework/web/CWebApplication.php(282): CController->run('create')
#17 /Users/muken/proyectos/yii/yii-1.1.16.bca042/framework/web/CWebApplication.php(141): CWebApplication->runController('issue/create')
#18 /Users/muken/proyectos/yii/yii-1.1.16.bca042/framework/base/CApplication.php(184): CWebApplication->processRequest()
#19 /Users/muken/proyectos/yii/Yii-examples/trackstar/index.php(13): CApplication->run()
#20 {main}
REQUEST_URI=/trackstar/index.php?r=issue/create
HTTP_REFERER=http://localhost/trackstar/index.php?r=issue/admin
---
2015/01/06 22:28:43 [error] [exception.CException] exception 'CException' with message 'IssueController contains improperly nested widget tags in its view "/Users/muken/proyectos/yii/Yii-examples/trackstar/protected/views/issue/_form.php". A CActiveForm widget does not have an endWidget() call.' in /Users/muken/proyectos/yii/yii-1.1.16.bca042/framework/web/CBaseController.php:101
Stack trace:
#0 /Users/muken/proyectos/yii/yii-1.1.16.bca042/framework/web/CController.php(869): CBaseController->renderFile('/Users/muken/pr...', Array, true)
#1 /Users/muken/proyectos/yii/Yii-examples/trackstar/protected/views/issue/create.php(18): CController->renderPartial('_form', Array)
#2 /Users/muken/proyectos/yii/yii-1.1.16.bca042/framework/web/CBaseController.php(126): require('/Users/muken/pr...')
#3 /Users/muken/proyectos/yii/yii-1.1.16.bca042/framework/web/CBaseController.php(95): CBaseController->renderInternal('/Users/muken/pr...', Array, true)
#4 /Users/muken/proyectos/yii/yii-1.1.16.bca042/framework/web/CController.php(869): CBaseController->renderFile('/Users/muken/pr...', Array, true)
#5 /Users/muken/proyectos/yii/yii-1.1.16.bca042/framework/web/CController.php(782): CController->renderPartial('create', Array, true)
#6 /Users/muken/proyectos/yii/Yii-examples/trackstar/protected/controllers/IssueController.php(79): CController->render('create', Array)
#7 /Users/muken/proyectos/yii/yii-1.1.16.bca042/framework/web/actions/CInlineAction.php(49): IssueController->actionCreate()
#8 /Users/muken/proyectos/yii/yii-1.1.16.bca042/framework/web/CController.php(308): CInlineAction->runWithParams(Array)
#9 /Users/muken/proyectos/yii/yii-1.1.16.bca042/framework/web/filters/CFilterChain.php(133): CController->runAction(Object(CInlineAction))
#10 /Users/muken/proyectos/yii/yii-1.1.16.bca042/framework/web/filters/CFilter.php(40): CFilterChain->run()
#11 /Users/muken/proyectos/yii/yii-1.1.16.bca042/framework/web/CController.php(1145): CFilter->filter(Object(CFilterChain))
#12 /Users/muken/proyectos/yii/yii-1.1.16.bca042/framework/web/filters/CInlineFilter.php(58): CController->filterAccessControl(Object(CFilterChain))
#13 /Users/muken/proyectos/yii/yii-1.1.16.bca042/framework/web/filters/CFilterChain.php(130): CInlineFilter->filter(Object(CFilterChain))
#14 /Users/muken/proyectos/yii/yii-1.1.16.bca042/framework/web/CController.php(291): CFilterChain->run()
#15 /Users/muken/proyectos/yii/yii-1.1.16.bca042/framework/web/CController.php(265): CController->runActionWithFilters(Object(CInlineAction), Array)
#16 /Users/muken/proyectos/yii/yii-1.1.16.bca042/framework/web/CWebApplication.php(282): CController->run('create')
#17 /Users/muken/proyectos/yii/yii-1.1.16.bca042/framework/web/CWebApplication.php(141): CWebApplication->runController('issue/create')
#18 /Users/muken/proyectos/yii/yii-1.1.16.bca042/framework/base/CApplication.php(184): CWebApplication->processRequest()
#19 /Users/muken/proyectos/yii/Yii-examples/trackstar/index.php(13): CApplication->run()
#20 {main}
REQUEST_URI=/trackstar/index.php?r=issue/create
HTTP_REFERER=http://localhost/trackstar/index.php?r=issue/admin
---
2015/01/06 22:41:16 [error] [exception.CHttpException.404] exception 'CHttpException' with message 'The requested project does not
exist.' in /Users/muken/proyectos/yii/Yii-examples/trackstar/protected/controllers/IssueController.php:179
Stack trace:
#0 /Users/muken/proyectos/yii/Yii-examples/trackstar/protected/controllers/IssueController.php(211): IssueController->loadProject(NULL)
#1 /Users/muken/proyectos/yii/yii-1.1.16.bca042/framework/web/filters/CInlineFilter.php(58): IssueController->filterProjectContext(Object(CFilterChain))
#2 /Users/muken/proyectos/yii/yii-1.1.16.bca042/framework/web/filters/CFilterChain.php(130): CInlineFilter->filter(Object(CFilterChain))
#3 /Users/muken/proyectos/yii/yii-1.1.16.bca042/framework/web/filters/CFilter.php(40): CFilterChain->run()
#4 /Users/muken/proyectos/yii/yii-1.1.16.bca042/framework/web/CController.php(1145): CFilter->filter(Object(CFilterChain))
#5 /Users/muken/proyectos/yii/yii-1.1.16.bca042/framework/web/filters/CInlineFilter.php(58): CController->filterAccessControl(Object(CFilterChain))
#6 /Users/muken/proyectos/yii/yii-1.1.16.bca042/framework/web/filters/CFilterChain.php(130): CInlineFilter->filter(Object(CFilterChain))
#7 /Users/muken/proyectos/yii/yii-1.1.16.bca042/framework/web/CController.php(291): CFilterChain->run()
#8 /Users/muken/proyectos/yii/yii-1.1.16.bca042/framework/web/CController.php(265): CController->runActionWithFilters(Object(CInlineAction), Array)
#9 /Users/muken/proyectos/yii/yii-1.1.16.bca042/framework/web/CWebApplication.php(282): CController->run('create')
#10 /Users/muken/proyectos/yii/yii-1.1.16.bca042/framework/web/CWebApplication.php(141): CWebApplication->runController('issue/create')
#11 /Users/muken/proyectos/yii/yii-1.1.16.bca042/framework/base/CApplication.php(184): CWebApplication->processRequest()
#12 /Users/muken/proyectos/yii/Yii-examples/trackstar/index.php(13): CApplication->run()
#13 {main}
REQUEST_URI=/trackstar/index.php?r=issue/create
HTTP_REFERER=http://localhost/trackstar/index.php?r=issue/index
---
2015/01/06 22:41:17 [error] [exception.CHttpException.404] exception 'CHttpException' with message 'The requested project does not
exist.' in /Users/muken/proyectos/yii/Yii-examples/trackstar/protected/controllers/IssueController.php:179
Stack trace:
#0 /Users/muken/proyectos/yii/Yii-examples/trackstar/protected/controllers/IssueController.php(211): IssueController->loadProject(NULL)
#1 /Users/muken/proyectos/yii/yii-1.1.16.bca042/framework/web/filters/CInlineFilter.php(58): IssueController->filterProjectContext(Object(CFilterChain))
#2 /Users/muken/proyectos/yii/yii-1.1.16.bca042/framework/web/filters/CFilterChain.php(130): CInlineFilter->filter(Object(CFilterChain))
#3 /Users/muken/proyectos/yii/yii-1.1.16.bca042/framework/web/filters/CFilter.php(40): CFilterChain->run()
#4 /Users/muken/proyectos/yii/yii-1.1.16.bca042/framework/web/CController.php(1145): CFilter->filter(Object(CFilterChain))
#5 /Users/muken/proyectos/yii/yii-1.1.16.bca042/framework/web/filters/CInlineFilter.php(58): CController->filterAccessControl(Object(CFilterChain))
#6 /Users/muken/proyectos/yii/yii-1.1.16.bca042/framework/web/filters/CFilterChain.php(130): CInlineFilter->filter(Object(CFilterChain))
#7 /Users/muken/proyectos/yii/yii-1.1.16.bca042/framework/web/CController.php(291): CFilterChain->run()
#8 /Users/muken/proyectos/yii/yii-1.1.16.bca042/framework/web/CController.php(265): CController->runActionWithFilters(Object(CInlineAction), Array)
#9 /Users/muken/proyectos/yii/yii-1.1.16.bca042/framework/web/CWebApplication.php(282): CController->run('create')
#10 /Users/muken/proyectos/yii/yii-1.1.16.bca042/framework/web/CWebApplication.php(141): CWebApplication->runController('issue/create')
#11 /Users/muken/proyectos/yii/yii-1.1.16.bca042/framework/base/CApplication.php(184): CWebApplication->processRequest()
#12 /Users/muken/proyectos/yii/Yii-examples/trackstar/index.php(13): CApplication->run()
#13 {main}
REQUEST_URI=/trackstar/index.php?r=issue/create
HTTP_REFERER=http://localhost/trackstar/index.php?r=issue/index
---
2015/01/06 22:41:17 [error] [exception.CHttpException.404] exception 'CHttpException' with message 'The requested project does not
exist.' in /Users/muken/proyectos/yii/Yii-examples/trackstar/protected/controllers/IssueController.php:179
Stack trace:
#0 /Users/muken/proyectos/yii/Yii-examples/trackstar/protected/controllers/IssueController.php(211): IssueController->loadProject(NULL)
#1 /Users/muken/proyectos/yii/yii-1.1.16.bca042/framework/web/filters/CInlineFilter.php(58): IssueController->filterProjectContext(Object(CFilterChain))
#2 /Users/muken/proyectos/yii/yii-1.1.16.bca042/framework/web/filters/CFilterChain.php(130): CInlineFilter->filter(Object(CFilterChain))
#3 /Users/muken/proyectos/yii/yii-1.1.16.bca042/framework/web/filters/CFilter.php(40): CFilterChain->run()
#4 /Users/muken/proyectos/yii/yii-1.1.16.bca042/framework/web/CController.php(1145): CFilter->filter(Object(CFilterChain))
#5 /Users/muken/proyectos/yii/yii-1.1.16.bca042/framework/web/filters/CInlineFilter.php(58): CController->filterAccessControl(Object(CFilterChain))
#6 /Users/muken/proyectos/yii/yii-1.1.16.bca042/framework/web/filters/CFilterChain.php(130): CInlineFilter->filter(Object(CFilterChain))
#7 /Users/muken/proyectos/yii/yii-1.1.16.bca042/framework/web/CController.php(291): CFilterChain->run()
#8 /Users/muken/proyectos/yii/yii-1.1.16.bca042/framework/web/CController.php(265): CController->runActionWithFilters(Object(CInlineAction), Array)
#9 /Users/muken/proyectos/yii/yii-1.1.16.bca042/framework/web/CWebApplication.php(282): CController->run('create')
#10 /Users/muken/proyectos/yii/yii-1.1.16.bca042/framework/web/CWebApplication.php(141): CWebApplication->runController('issue/create')
#11 /Users/muken/proyectos/yii/yii-1.1.16.bca042/framework/base/CApplication.php(184): CWebApplication->processRequest()
#12 /Users/muken/proyectos/yii/Yii-examples/trackstar/index.php(13): CApplication->run()
#13 {main}
REQUEST_URI=/trackstar/index.php?r=issue/create
HTTP_REFERER=http://localhost/trackstar/index.php?r=issue/index
---
2015/01/06 22:41:25 [error] [exception.CHttpException.404] exception 'CHttpException' with message 'The system is unable to find the requested action "list".' in /Users/muken/proyectos/yii/yii-1.1.16.bca042/framework/web/CController.php:483
Stack trace:
#0 /Users/muken/proyectos/yii/yii-1.1.16.bca042/framework/web/CController.php(270): CController->missingAction('list')
#1 /Users/muken/proyectos/yii/yii-1.1.16.bca042/framework/web/CWebApplication.php(282): CController->run('list')
#2 /Users/muken/proyectos/yii/yii-1.1.16.bca042/framework/web/CWebApplication.php(141): CWebApplication->runController('issue/list')
#3 /Users/muken/proyectos/yii/yii-1.1.16.bca042/framework/base/CApplication.php(184): CWebApplication->processRequest()
#4 /Users/muken/proyectos/yii/Yii-examples/trackstar/index.php(13): CApplication->run()
#5 {main}
REQUEST_URI=/trackstar/index.php?r=issue/list
---
