2015/01/06 19:35:14 [error] [php] date(): It is not safe to rely on the system's timezone settings. You are *required* to use the date.timezone setting or the date_default_timezone_set() function. In case you used any of those methods and you are still getting this warning, you most likely misspelled the timezone identifier. We selected the timezone 'UTC' for now, but please set date.timezone to select your timezone. (/Users/muken/proyectos/yii/Yii-examples/awad_2/protected/views/layouts/main.php:51)
Stack trace:
#0 /Users/muken/proyectos/yii/yii-1.1.16.bca042/framework/web/CBaseController.php(95): SiteController->renderInternal()
#1 /Users/muken/proyectos/yii/yii-1.1.16.bca042/framework/web/widgets/CContentDecorator.php(76): SiteController->renderFile()
#2 /Users/muken/proyectos/yii/yii-1.1.16.bca042/framework/web/widgets/CContentDecorator.php(54): CContentDecorator->decorate()
#3 /Users/muken/proyectos/yii/yii-1.1.16.bca042/framework/web/widgets/COutputProcessor.php(44): CContentDecorator->processOutput()
#4 /Users/muken/proyectos/yii/yii-1.1.16.bca042/framework/web/CBaseController.php(214): CContentDecorator->run()
#5 /Users/muken/proyectos/yii/yii-1.1.16.bca042/framework/web/CBaseController.php(308): SiteController->endWidget()
#6 /Users/muken/proyectos/yii/Yii-examples/awad_2/protected/views/layouts/column1.php(6): SiteController->endContent()
#7 /Users/muken/proyectos/yii/yii-1.1.16.bca042/framework/web/CBaseController.php(126): require()
#8 /Users/muken/proyectos/yii/yii-1.1.16.bca042/framework/web/CBaseController.php(95): SiteController->renderInternal()
#9 /Users/muken/proyectos/yii/yii-1.1.16.bca042/framework/web/CController.php(784): SiteController->renderFile()
#10 /Users/muken/proyectos/yii/Yii-examples/awad_2/protected/controllers/SiteController.php(32): SiteController->render()
#11 /Users/muken/proyectos/yii/yii-1.1.16.bca042/framework/web/actions/CInlineAction.php(49): SiteController->actionIndex()
#12 /Users/muken/proyectos/yii/yii-1.1.16.bca042/framework/web/CController.php(308): CInlineAction->runWithParams()
#13 /Users/muken/proyectos/yii/yii-1.1.16.bca042/framework/web/CController.php(286): SiteController->runAction()
#14 /Users/muken/proyectos/yii/yii-1.1.16.bca042/framework/web/CController.php(265): SiteController->runActionWithFilters()
#15 /Users/muken/proyectos/yii/yii-1.1.16.bca042/framework/web/CWebApplication.php(282): SiteController->run()
#16 /Users/muken/proyectos/yii/yii-1.1.16.bca042/framework/web/CWebApplication.php(141): CWebApplication->runController()
#17 /Users/muken/proyectos/yii/yii-1.1.16.bca042/framework/base/CApplication.php(184): CWebApplication->processRequest()
#18 /Users/muken/proyectos/yii/Yii-examples/awad_2/index.php(13): CWebApplication->run()
#19 /Users/muken/proyectos/yii/yii-1.1.16.bca042/framework/cli/commands/ShellCommand.php(78): require()
#20 /Users/muken/proyectos/yii/yii-1.1.16.bca042/framework/console/CConsoleCommandRunner.php(71): ShellCommand->run()
#21 /Users/muken/proyectos/yii/yii-1.1.16.bca042/framework/console/CConsoleApplication.php(92): CConsoleCommandRunner->run()
#22 /Users/muken/proyectos/yii/yii-1.1.16.bca042/framework/base/CApplication.php(184): CConsoleApplication->processRequest()
#23 /Users/muken/proyectos/yii/yii-1.1.16.bca042/framework/yiic.php(33): CConsoleApplication->run()
#24 /Users/muken/proyectos/yii/yii-1.1.16.bca042/framework/yiic(14): require_once()
REQUEST_URI=/index.php
2015/01/06 19:38:19 [error] [php] date(): It is not safe to rely on the system's timezone settings. You are *required* to use the date.timezone setting or the date_default_timezone_set() function. In case you used any of those methods and you are still getting this warning, you most likely misspelled the timezone identifier. We selected the timezone 'UTC' for now, but please set date.timezone to select your timezone. (/Users/muken/proyectos/yii/Yii-examples/awad_2/protected/views/layouts/main.php:51)
Stack trace:
#0 /Users/muken/proyectos/yii/yii-1.1.16.bca042/framework/web/CBaseController.php(95): SiteController->renderInternal()
#1 /Users/muken/proyectos/yii/yii-1.1.16.bca042/framework/web/widgets/CContentDecorator.php(76): SiteController->renderFile()
#2 /Users/muken/proyectos/yii/yii-1.1.16.bca042/framework/web/widgets/CContentDecorator.php(54): CContentDecorator->decorate()
#3 /Users/muken/proyectos/yii/yii-1.1.16.bca042/framework/web/widgets/COutputProcessor.php(44): CContentDecorator->processOutput()
#4 /Users/muken/proyectos/yii/yii-1.1.16.bca042/framework/web/CBaseController.php(214): CContentDecorator->run()
#5 /Users/muken/proyectos/yii/yii-1.1.16.bca042/framework/web/CBaseController.php(308): SiteController->endWidget()
#6 /Users/muken/proyectos/yii/Yii-examples/awad_2/protected/views/layouts/column1.php(6): SiteController->endContent()
#7 /Users/muken/proyectos/yii/yii-1.1.16.bca042/framework/web/CBaseController.php(126): require()
#8 /Users/muken/proyectos/yii/yii-1.1.16.bca042/framework/web/CBaseController.php(95): SiteController->renderInternal()
#9 /Users/muken/proyectos/yii/yii-1.1.16.bca042/framework/web/CController.php(784): SiteController->renderFile()
#10 /Users/muken/proyectos/yii/Yii-examples/awad_2/protected/controllers/SiteController.php(32): SiteController->render()
#11 /Users/muken/proyectos/yii/yii-1.1.16.bca042/framework/web/actions/CInlineAction.php(49): SiteController->actionIndex()
#12 /Users/muken/proyectos/yii/yii-1.1.16.bca042/framework/web/CController.php(308): CInlineAction->runWithParams()
#13 /Users/muken/proyectos/yii/yii-1.1.16.bca042/framework/web/CController.php(286): SiteController->runAction()
#14 /Users/muken/proyectos/yii/yii-1.1.16.bca042/framework/web/CController.php(265): SiteController->runActionWithFilters()
#15 /Users/muken/proyectos/yii/yii-1.1.16.bca042/framework/web/CWebApplication.php(282): SiteController->run()
#16 /Users/muken/proyectos/yii/yii-1.1.16.bca042/framework/web/CWebApplication.php(141): CWebApplication->runController()
#17 /Users/muken/proyectos/yii/yii-1.1.16.bca042/framework/base/CApplication.php(184): CWebApplication->processRequest()
#18 /Users/muken/proyectos/yii/Yii-examples/awad_2/index.php(13): CWebApplication->run()
#19 /Users/muken/proyectos/yii/yii-1.1.16.bca042/framework/cli/commands/ShellCommand.php(78): require()
#20 /Users/muken/proyectos/yii/yii-1.1.16.bca042/framework/console/CConsoleCommandRunner.php(71): ShellCommand->run()
#21 /Users/muken/proyectos/yii/yii-1.1.16.bca042/framework/console/CConsoleApplication.php(92): CConsoleCommandRunner->run()
#22 /Users/muken/proyectos/yii/yii-1.1.16.bca042/framework/base/CApplication.php(184): CConsoleApplication->processRequest()
#23 /Users/muken/proyectos/yii/yii-1.1.16.bca042/framework/yiic.php(33): CConsoleApplication->run()
#24 /Users/muken/proyectos/yii/Yii-examples/awad_2/protected/yiic.php(7): require_once()
#25 /Users/muken/proyectos/yii/Yii-examples/awad_2/protected/yiic(4): require_once()
REQUEST_URI=/index.php
2015/01/06 19:38:19 [error] [php] date(): It is not safe to rely on the system's timezone settings. You are *required* to use the date.timezone setting or the date_default_timezone_set() function. In case you used any of those methods and you are still getting this warning, you most likely misspelled the timezone identifier. We selected the timezone 'UTC' for now, but please set date.timezone to select your timezone. (/Users/muken/proyectos/yii/Yii-examples/awad_2/protected/views/layouts/main.php:51)
Stack trace:
#0 /Users/muken/proyectos/yii/yii-1.1.16.bca042/framework/web/CBaseController.php(95): SiteController->renderInternal()
#1 /Users/muken/proyectos/yii/yii-1.1.16.bca042/framework/web/widgets/CContentDecorator.php(76): SiteController->renderFile()
#2 /Users/muken/proyectos/yii/yii-1.1.16.bca042/framework/web/widgets/CContentDecorator.php(54): CContentDecorator->decorate()
#3 /Users/muken/proyectos/yii/yii-1.1.16.bca042/framework/web/widgets/COutputProcessor.php(44): CContentDecorator->processOutput()
#4 /Users/muken/proyectos/yii/yii-1.1.16.bca042/framework/web/CBaseController.php(214): CContentDecorator->run()
#5 /Users/muken/proyectos/yii/yii-1.1.16.bca042/framework/web/CBaseController.php(308): SiteController->endWidget()
#6 /Users/muken/proyectos/yii/Yii-examples/awad_2/protected/views/layouts/column1.php(6): SiteController->endContent()
#7 /Users/muken/proyectos/yii/yii-1.1.16.bca042/framework/web/CBaseController.php(126): require()
#8 /Users/muken/proyectos/yii/yii-1.1.16.bca042/framework/web/CBaseController.php(95): SiteController->renderInternal()
#9 /Users/muken/proyectos/yii/yii-1.1.16.bca042/framework/web/CController.php(784): SiteController->renderFile()
#10 /Users/muken/proyectos/yii/Yii-examples/awad_2/protected/controllers/SiteController.php(32): SiteController->render()
#11 /Users/muken/proyectos/yii/yii-1.1.16.bca042/framework/web/actions/CInlineAction.php(49): SiteController->actionIndex()
#12 /Users/muken/proyectos/yii/yii-1.1.16.bca042/framework/web/CController.php(308): CInlineAction->runWithParams()
#13 /Users/muken/proyectos/yii/yii-1.1.16.bca042/framework/web/CController.php(286): SiteController->runAction()
#14 /Users/muken/proyectos/yii/yii-1.1.16.bca042/framework/web/CController.php(265): SiteController->runActionWithFilters()
#15 /Users/muken/proyectos/yii/yii-1.1.16.bca042/framework/web/CWebApplication.php(282): SiteController->run()
#16 /Users/muken/proyectos/yii/yii-1.1.16.bca042/framework/web/CWebApplication.php(141): CWebApplication->runController()
#17 /Users/muken/proyectos/yii/yii-1.1.16.bca042/framework/base/CApplication.php(184): CWebApplication->processRequest()
#18 /Users/muken/proyectos/yii/Yii-examples/awad_2/index.php(13): CWebApplication->run()
#19 /Users/muken/proyectos/yii/yii-1.1.16.bca042/framework/cli/commands/ShellCommand.php(78): require()
#20 /Users/muken/proyectos/yii/yii-1.1.16.bca042/framework/console/CConsoleCommandRunner.php(71): ShellCommand->run()
#21 /Users/muken/proyectos/yii/yii-1.1.16.bca042/framework/console/CConsoleApplication.php(92): CConsoleCommandRunner->run()
#22 /Users/muken/proyectos/yii/yii-1.1.16.bca042/framework/base/CApplication.php(184): CConsoleApplication->processRequest()
#23 /Users/muken/proyectos/yii/yii-1.1.16.bca042/framework/yiic.php(33): CConsoleApplication->run()
#24 /Users/muken/proyectos/yii/Yii-examples/awad_2/protected/yiic.php(7): require_once()
#25 /Users/muken/proyectos/yii/Yii-examples/awad_2/protected/yiic(4): require_once()
REQUEST_URI=/index.php
