2014/12/27 13:18:46 [error] [exception.CHttpException.404] exception 'CHttpException' with message 'Unable to resolve the request "page/about".' in /Users/muken/proyectos/yii/yii-1.1.16.bca042/framework/web/CWebApplication.php:286
Stack trace:
#0 /Users/muken/proyectos/yii/yii-1.1.16.bca042/framework/web/CWebApplication.php(141): CWebApplication->runController('page/about')
#1 /Users/muken/proyectos/yii/yii-1.1.16.bca042/framework/base/CApplication.php(184): CWebApplication->processRequest()
#2 /Users/muken/proyectos/yii/Yii-examples/ejemplo1/index.php(13): CApplication->run()
#3 {main}
REQUEST_URI=/ejemplo1/index.php/page/about/
---
2014/12/27 13:19:03 [error] [exception.CHttpException.404] exception 'CHttpException' with message 'The requested view "index" was not found.' in /Users/muken/proyectos/yii/yii-1.1.16.bca042/framework/web/actions/CViewAction.php:112
Stack trace:
#0 /Users/muken/proyectos/yii/yii-1.1.16.bca042/framework/web/actions/CViewAction.php(123): CViewAction->resolveView('index')
#1 /Users/muken/proyectos/yii/yii-1.1.16.bca042/framework/web/actions/CAction.php(76): CViewAction->run()
#2 /Users/muken/proyectos/yii/yii-1.1.16.bca042/framework/web/CController.php(308): CAction->runWithParams(Array)
#3 /Users/muken/proyectos/yii/yii-1.1.16.bca042/framework/web/CController.php(286): CController->runAction(Object(CViewAction))
#4 /Users/muken/proyectos/yii/yii-1.1.16.bca042/framework/web/CController.php(265): CController->runActionWithFilters(Object(CViewAction), Array)
#5 /Users/muken/proyectos/yii/yii-1.1.16.bca042/framework/web/CWebApplication.php(282): CController->run('page')
#6 /Users/muken/proyectos/yii/yii-1.1.16.bca042/framework/web/CWebApplication.php(141): CWebApplication->runController('site/page/about')
#7 /Users/muken/proyectos/yii/yii-1.1.16.bca042/framework/base/CApplication.php(184): CWebApplication->processRequest()
#8 /Users/muken/proyectos/yii/Yii-examples/ejemplo1/index.php(13): CApplication->run()
#9 {main}
REQUEST_URI=/ejemplo1/index.php/site/page/about/
---
2014/12/27 13:19:07 [error] [exception.CHttpException.404] exception 'CHttpException' with message 'The requested view "index" was not found.' in /Users/muken/proyectos/yii/yii-1.1.16.bca042/framework/web/actions/CViewAction.php:112
Stack trace:
#0 /Users/muken/proyectos/yii/yii-1.1.16.bca042/framework/web/actions/CViewAction.php(123): CViewAction->resolveView('index')
#1 /Users/muken/proyectos/yii/yii-1.1.16.bca042/framework/web/actions/CAction.php(76): CViewAction->run()
#2 /Users/muken/proyectos/yii/yii-1.1.16.bca042/framework/web/CController.php(308): CAction->runWithParams(Array)
#3 /Users/muken/proyectos/yii/yii-1.1.16.bca042/framework/web/CController.php(286): CController->runAction(Object(CViewAction))
#4 /Users/muken/proyectos/yii/yii-1.1.16.bca042/framework/web/CController.php(265): CController->runActionWithFilters(Object(CViewAction), Array)
#5 /Users/muken/proyectos/yii/yii-1.1.16.bca042/framework/web/CWebApplication.php(282): CController->run('page')
#6 /Users/muken/proyectos/yii/yii-1.1.16.bca042/framework/web/CWebApplication.php(141): CWebApplication->runController('site/page/about')
#7 /Users/muken/proyectos/yii/yii-1.1.16.bca042/framework/base/CApplication.php(184): CWebApplication->processRequest()
#8 /Users/muken/proyectos/yii/Yii-examples/ejemplo1/index.php(13): CApplication->run()
#9 {main}
REQUEST_URI=/ejemplo1/index.php/site/page/about
---
2014/12/27 13:19:12 [error] [exception.CHttpException.404] exception 'CHttpException' with message 'Unable to resolve the request "page/about".' in /Users/muken/proyectos/yii/yii-1.1.16.bca042/framework/web/CWebApplication.php:286
Stack trace:
#0 /Users/muken/proyectos/yii/yii-1.1.16.bca042/framework/web/CWebApplication.php(141): CWebApplication->runController('page/about')
#1 /Users/muken/proyectos/yii/yii-1.1.16.bca042/framework/base/CApplication.php(184): CWebApplication->processRequest()
#2 /Users/muken/proyectos/yii/Yii-examples/ejemplo1/index.php(13): CApplication->run()
#3 {main}
REQUEST_URI=/ejemplo1/index.php/page/about
---
2014/12/27 13:19:29 [error] [exception.CHttpException.404] exception 'CHttpException' with message 'Unable to resolve the request "page".' in /Users/muken/proyectos/yii/yii-1.1.16.bca042/framework/web/CWebApplication.php:286
Stack trace:
#0 /Users/muken/proyectos/yii/yii-1.1.16.bca042/framework/web/CWebApplication.php(141): CWebApplication->runController('page')
#1 /Users/muken/proyectos/yii/yii-1.1.16.bca042/framework/base/CApplication.php(184): CWebApplication->processRequest()
#2 /Users/muken/proyectos/yii/Yii-examples/ejemplo1/index.php(13): CApplication->run()
#3 {main}
REQUEST_URI=/ejemplo1/index.php/page
---
2014/12/27 13:19:31 [error] [exception.CHttpException.404] exception 'CHttpException' with message 'Unable to resolve the request "page".' in /Users/muken/proyectos/yii/yii-1.1.16.bca042/framework/web/CWebApplication.php:286
Stack trace:
#0 /Users/muken/proyectos/yii/yii-1.1.16.bca042/framework/web/CWebApplication.php(141): CWebApplication->runController('page')
#1 /Users/muken/proyectos/yii/yii-1.1.16.bca042/framework/base/CApplication.php(184): CWebApplication->processRequest()
#2 /Users/muken/proyectos/yii/Yii-examples/ejemplo1/index.php(13): CApplication->run()
#3 {main}
REQUEST_URI=/ejemplo1/index.php/page/
---
2014/12/27 13:19:49 [error] [exception.CHttpException.404] exception 'CHttpException' with message 'The requested view "index" was not found.' in /Users/muken/proyectos/yii/yii-1.1.16.bca042/framework/web/actions/CViewAction.php:112
Stack trace:
#0 /Users/muken/proyectos/yii/yii-1.1.16.bca042/framework/web/actions/CViewAction.php(123): CViewAction->resolveView('index')
#1 /Users/muken/proyectos/yii/yii-1.1.16.bca042/framework/web/actions/CAction.php(76): CViewAction->run()
#2 /Users/muken/proyectos/yii/yii-1.1.16.bca042/framework/web/CController.php(308): CAction->runWithParams(Array)
#3 /Users/muken/proyectos/yii/yii-1.1.16.bca042/framework/web/CController.php(286): CController->runAction(Object(CViewAction))
#4 /Users/muken/proyectos/yii/yii-1.1.16.bca042/framework/web/CController.php(265): CController->runActionWithFilters(Object(CViewAction), Array)
#5 /Users/muken/proyectos/yii/yii-1.1.16.bca042/framework/web/CWebApplication.php(282): CController->run('page')
#6 /Users/muken/proyectos/yii/yii-1.1.16.bca042/framework/web/CWebApplication.php(141): CWebApplication->runController('site/page/about')
#7 /Users/muken/proyectos/yii/yii-1.1.16.bca042/framework/base/CApplication.php(184): CWebApplication->processRequest()
#8 /Users/muken/proyectos/yii/Yii-examples/ejemplo1/index.php(13): CApplication->run()
#9 {main}
REQUEST_URI=/ejemplo1/index.php/site/page/about
---
2014/12/27 13:25:29 [error] [exception.CHttpException.404] exception 'CHttpException' with message 'The system is unable to find the requested action "aasdfasdf".' in /Users/muken/proyectos/yii/yii-1.1.16.bca042/framework/web/CController.php:483
Stack trace:
#0 /Users/muken/proyectos/yii/yii-1.1.16.bca042/framework/web/CController.php(270): CController->missingAction('aasdfasdf')
#1 /Users/muken/proyectos/yii/yii-1.1.16.bca042/framework/web/CWebApplication.php(282): CController->run('aasdfasdf')
#2 /Users/muken/proyectos/yii/yii-1.1.16.bca042/framework/web/CWebApplication.php(141): CWebApplication->runController('site/aasdfasdf')
#3 /Users/muken/proyectos/yii/yii-1.1.16.bca042/framework/base/CApplication.php(184): CWebApplication->processRequest()
#4 /Users/muken/proyectos/yii/Yii-examples/ejemplo1/index.php(13): CApplication->run()
#5 {main}
REQUEST_URI=/ejemplo1/site/aasdfasdf
---
2014/12/27 14:25:37 [error] [exception.CHttpException.404] exception 'CHttpException' with message 'Unable to resolve the request "login".' in /Users/muken/proyectos/yii/yii-1.1.16.bca042/framework/web/CWebApplication.php:286
Stack trace:
#0 /Users/muken/proyectos/yii/yii-1.1.16.bca042/framework/web/CWebApplication.php(141): CWebApplication->runController('login')
#1 /Users/muken/proyectos/yii/yii-1.1.16.bca042/framework/base/CApplication.php(184): CWebApplication->processRequest()
#2 /Users/muken/proyectos/yii/Yii-examples/ejemplo1/index.php(13): CApplication->run()
#3 {main}
REQUEST_URI=/ejemplo1/login
---
2014/12/27 17:08:37 [error] [exception.CHttpException.404] exception 'CHttpException' with message 'Unable to resolve the request "comments".' in /Users/muken/proyectos/yii/yii-1.1.16.bca042/framework/web/CWebApplication.php:286
Stack trace:
#0 /Users/muken/proyectos/yii/yii-1.1.16.bca042/framework/web/CWebApplication.php(141): CWebApplication->runController('comments')
#1 /Users/muken/proyectos/yii/yii-1.1.16.bca042/framework/base/CApplication.php(184): CWebApplication->processRequest()
#2 /Users/muken/proyectos/yii/Yii-examples/ejemplo1/index.php(13): CApplication->run()
#3 {main}
REQUEST_URI=/ejemplo1/comments
---
2014/12/27 17:08:41 [error] [exception.CHttpException.404] exception 'CHttpException' with message 'The system is unable to find the requested action "comments".' in /Users/muken/proyectos/yii/yii-1.1.16.bca042/framework/web/CController.php:483
Stack trace:
#0 /Users/muken/proyectos/yii/yii-1.1.16.bca042/framework/web/CController.php(270): CController->missingAction('comments')
#1 /Users/muken/proyectos/yii/yii-1.1.16.bca042/framework/web/CWebApplication.php(282): CController->run('comments')
#2 /Users/muken/proyectos/yii/yii-1.1.16.bca042/framework/web/CWebApplication.php(141): CWebApplication->runController('page/comments')
#3 /Users/muken/proyectos/yii/yii-1.1.16.bca042/framework/base/CApplication.php(184): CWebApplication->processRequest()
#4 /Users/muken/proyectos/yii/Yii-examples/ejemplo1/index.php(13): CApplication->run()
#5 {main}
REQUEST_URI=/ejemplo1/page/comments
---
2014/12/27 17:08:44 [error] [exception.CHttpException.404] exception 'CHttpException' with message 'Unable to resolve the request "comments".' in /Users/muken/proyectos/yii/yii-1.1.16.bca042/framework/web/CWebApplication.php:286
Stack trace:
#0 /Users/muken/proyectos/yii/yii-1.1.16.bca042/framework/web/CWebApplication.php(141): CWebApplication->runController('comments')
#1 /Users/muken/proyectos/yii/yii-1.1.16.bca042/framework/base/CApplication.php(184): CWebApplication->processRequest()
#2 /Users/muken/proyectos/yii/Yii-examples/ejemplo1/index.php(13): CApplication->run()
#3 {main}
REQUEST_URI=/ejemplo1/comments
---
2014/12/27 17:12:32 [error] [exception.CHttpException.404] exception 'CHttpException' with message 'The system is unable to find the requested action "user".' in /Users/muken/proyectos/yii/yii-1.1.16.bca042/framework/web/CController.php:483
Stack trace:
#0 /Users/muken/proyectos/yii/yii-1.1.16.bca042/framework/web/CController.php(270): CController->missingAction('user')
#1 /Users/muken/proyectos/yii/yii-1.1.16.bca042/framework/web/CWebApplication.php(282): CController->run('user')
#2 /Users/muken/proyectos/yii/yii-1.1.16.bca042/framework/web/CWebApplication.php(141): CWebApplication->runController('comment/user')
#3 /Users/muken/proyectos/yii/yii-1.1.16.bca042/framework/base/CApplication.php(184): CWebApplication->processRequest()
#4 /Users/muken/proyectos/yii/Yii-examples/ejemplo1/index.php(13): CApplication->run()
#5 {main}
REQUEST_URI=/ejemplo1/comment/user
---
2014/12/27 17:13:24 [warning] [application] Failed to set unsafe attribute "date_entered" of "User".
in /Users/muken/proyectos/yii/Yii-examples/ejemplo1/protected/controllers/UserController.php (96)
in /Users/muken/proyectos/yii/Yii-examples/ejemplo1/index.php (13)
2014/12/27 17:13:24 [error] [exception.CException] exception 'CException' with message 'Property "User.date_updated" is not defined.' in /Users/muken/proyectos/yii/yii-1.1.16.bca042/framework/base/CComponent.php:130
Stack trace:
#0 /Users/muken/proyectos/yii/yii-1.1.16.bca042/framework/db/ar/CActiveRecord.php(145): CComponent->__get('date_updated')
#1 /Users/muken/proyectos/yii/yii-1.1.16.bca042/framework/validators/CDefaultValueValidator.php(44): CActiveRecord->__get('date_updated')
#2 /Users/muken/proyectos/yii/yii-1.1.16.bca042/framework/validators/CValidator.php(201): CDefaultValueValidator->validateAttribute(Object(User), 'date_updated')
#3 /Users/muken/proyectos/yii/yii-1.1.16.bca042/framework/base/CModel.php(159): CValidator->validate(Object(User), NULL)
#4 /Users/muken/proyectos/yii/yii-1.1.16.bca042/framework/db/ar/CActiveRecord.php(808): CModel->validate(NULL)
#5 /Users/muken/proyectos/yii/Yii-examples/ejemplo1/protected/controllers/UserController.php(97): CActiveRecord->save()
#6 [internal function]: UserController->actionUpdate('1')
#7 /Users/muken/proyectos/yii/yii-1.1.16.bca042/framework/web/actions/CAction.php(109): ReflectionMethod->invokeArgs(Object(UserController), Array)
#8 /Users/muken/proyectos/yii/yii-1.1.16.bca042/framework/web/actions/CInlineAction.php(47): CAction->runWithParamsInternal(Object(UserController), Object(ReflectionMethod), Array)
#9 /Users/muken/proyectos/yii/yii-1.1.16.bca042/framework/web/CController.php(308): CInlineAction->runWithParams(Array)
#10 /Users/muken/proyectos/yii/yii-1.1.16.bca042/framework/web/filters/CFilterChain.php(133): CController->runAction(Object(CInlineAction))
#11 /Users/muken/proyectos/yii/yii-1.1.16.bca042/framework/web/filters/CFilter.php(40): CFilterChain->run()
#12 /Users/muken/proyectos/yii/yii-1.1.16.bca042/framework/web/CController.php(1145): CFilter->filter(Object(CFilterChain))
#13 /Users/muken/proyectos/yii/yii-1.1.16.bca042/framework/web/filters/CInlineFilter.php(58): CController->filterAccessControl(Object(CFilterChain))
#14 /Users/muken/proyectos/yii/yii-1.1.16.bca042/framework/web/filters/CFilterChain.php(130): CInlineFilter->filter(Object(CFilterChain))
#15 /Users/muken/proyectos/yii/yii-1.1.16.bca042/framework/web/CController.php(291): CFilterChain->run()
#16 /Users/muken/proyectos/yii/yii-1.1.16.bca042/framework/web/CController.php(265): CController->runActionWithFilters(Object(CInlineAction), Array)
#17 /Users/muken/proyectos/yii/yii-1.1.16.bca042/framework/web/CWebApplication.php(282): CController->run('update')
#18 /Users/muken/proyectos/yii/yii-1.1.16.bca042/framework/web/CWebApplication.php(141): CWebApplication->runController('user/update')
#19 /Users/muken/proyectos/yii/yii-1.1.16.bca042/framework/base/CApplication.php(184): CWebApplication->processRequest()
#20 /Users/muken/proyectos/yii/Yii-examples/ejemplo1/index.php(13): CApplication->run()
#21 {main}
REQUEST_URI=/ejemplo1/user/update/1
HTTP_REFERER=http://localhost/ejemplo1/user/update/1
---
2014/12/27 17:14:38 [warning] [application] Failed to set unsafe attribute "date_entered" of "User".
in /Users/muken/proyectos/yii/Yii-examples/ejemplo1/protected/controllers/UserController.php (96)
in /Users/muken/proyectos/yii/Yii-examples/ejemplo1/index.php (13)
2014/12/27 17:59:13 [error] [exception.CHttpException.404] exception 'CHttpException' with message 'Unable to resolve the request "css/styles.css".' in /Users/muken/proyectos/yii/yii-1.1.16.bca042/framework/web/CWebApplication.php:286
Stack trace:
#0 /Users/muken/proyectos/yii/yii-1.1.16.bca042/framework/web/CWebApplication.php(141): CWebApplication->runController('css/styles.css')
#1 /Users/muken/proyectos/yii/yii-1.1.16.bca042/framework/base/CApplication.php(184): CWebApplication->processRequest()
#2 /Users/muken/proyectos/yii/Yii-examples/ejemplo1/index.php(13): CApplication->run()
#3 {main}
REQUEST_URI=/ejemplo1/css/styles.css
HTTP_REFERER=http://localhost/ejemplo1/
---
2014/12/27 17:59:14 [error] [exception.CHttpException.404] exception 'CHttpException' with message 'Unable to resolve the request "css/styles.css".' in /Users/muken/proyectos/yii/yii-1.1.16.bca042/framework/web/CWebApplication.php:286
Stack trace:
#0 /Users/muken/proyectos/yii/yii-1.1.16.bca042/framework/web/CWebApplication.php(141): CWebApplication->runController('css/styles.css')
#1 /Users/muken/proyectos/yii/yii-1.1.16.bca042/framework/base/CApplication.php(184): CWebApplication->processRequest()
#2 /Users/muken/proyectos/yii/Yii-examples/ejemplo1/index.php(13): CApplication->run()
#3 {main}
REQUEST_URI=/ejemplo1/css/styles.css
HTTP_REFERER=http://localhost/ejemplo1/
---
2014/12/27 17:59:17 [error] [exception.CHttpException.404] exception 'CHttpException' with message 'Unable to resolve the request "css/styles.css".' in /Users/muken/proyectos/yii/yii-1.1.16.bca042/framework/web/CWebApplication.php:286
Stack trace:
#0 /Users/muken/proyectos/yii/yii-1.1.16.bca042/framework/web/CWebApplication.php(141): CWebApplication->runController('css/styles.css')
#1 /Users/muken/proyectos/yii/yii-1.1.16.bca042/framework/base/CApplication.php(184): CWebApplication->processRequest()
#2 /Users/muken/proyectos/yii/Yii-examples/ejemplo1/index.php(13): CApplication->run()
#3 {main}
REQUEST_URI=/ejemplo1/css/styles.css
HTTP_REFERER=http://localhost/ejemplo1/
---
2014/12/27 17:59:18 [error] [exception.CHttpException.404] exception 'CHttpException' with message 'Unable to resolve the request "css/styles.css".' in /Users/muken/proyectos/yii/yii-1.1.16.bca042/framework/web/CWebApplication.php:286
Stack trace:
#0 /Users/muken/proyectos/yii/yii-1.1.16.bca042/framework/web/CWebApplication.php(141): CWebApplication->runController('css/styles.css')
#1 /Users/muken/proyectos/yii/yii-1.1.16.bca042/framework/base/CApplication.php(184): CWebApplication->processRequest()
#2 /Users/muken/proyectos/yii/Yii-examples/ejemplo1/index.php(13): CApplication->run()
#3 {main}
REQUEST_URI=/ejemplo1/css/styles.css
HTTP_REFERER=http://localhost/ejemplo1/
---
2014/12/27 17:59:18 [error] [exception.CHttpException.404] exception 'CHttpException' with message 'Unable to resolve the request "css/styles.css".' in /Users/muken/proyectos/yii/yii-1.1.16.bca042/framework/web/CWebApplication.php:286
Stack trace:
#0 /Users/muken/proyectos/yii/yii-1.1.16.bca042/framework/web/CWebApplication.php(141): CWebApplication->runController('css/styles.css')
#1 /Users/muken/proyectos/yii/yii-1.1.16.bca042/framework/base/CApplication.php(184): CWebApplication->processRequest()
#2 /Users/muken/proyectos/yii/Yii-examples/ejemplo1/index.php(13): CApplication->run()
#3 {main}
REQUEST_URI=/ejemplo1/css/styles.css
HTTP_REFERER=http://localhost/ejemplo1/
---
2014/12/27 17:59:18 [error] [exception.CHttpException.404] exception 'CHttpException' with message 'Unable to resolve the request "css/styles.css".' in /Users/muken/proyectos/yii/yii-1.1.16.bca042/framework/web/CWebApplication.php:286
Stack trace:
#0 /Users/muken/proyectos/yii/yii-1.1.16.bca042/framework/web/CWebApplication.php(141): CWebApplication->runController('css/styles.css')
#1 /Users/muken/proyectos/yii/yii-1.1.16.bca042/framework/base/CApplication.php(184): CWebApplication->processRequest()
#2 /Users/muken/proyectos/yii/Yii-examples/ejemplo1/index.php(13): CApplication->run()
#3 {main}
REQUEST_URI=/ejemplo1/css/styles.css
HTTP_REFERER=http://localhost/ejemplo1/
---
2014/12/27 17:59:40 [error] [exception.CHttpException.404] exception 'CHttpException' with message 'Unable to resolve the request "css/styles.css".' in /Users/muken/proyectos/yii/yii-1.1.16.bca042/framework/web/CWebApplication.php:286
Stack trace:
#0 /Users/muken/proyectos/yii/yii-1.1.16.bca042/framework/web/CWebApplication.php(141): CWebApplication->runController('css/styles.css')
#1 /Users/muken/proyectos/yii/yii-1.1.16.bca042/framework/base/CApplication.php(184): CWebApplication->processRequest()
#2 /Users/muken/proyectos/yii/Yii-examples/ejemplo1/index.php(13): CApplication->run()
#3 {main}
REQUEST_URI=/ejemplo1/css/styles.css
HTTP_REFERER=http://localhost/ejemplo1/
---
2014/12/28 16:54:11 [error] [exception.CHttpException.404] exception 'CHttpException' with message 'The requested page does not exist.' in /Users/muken/proyectos/yii/Yii-examples/ejemplo1/protected/controllers/PageController.php:157
Stack trace:
#0 /Users/muken/proyectos/yii/Yii-examples/ejemplo1/protected/controllers/PageController.php(55): PageController->loadModel('1')
#1 [internal function]: PageController->actionView('1')
#2 /Users/muken/proyectos/yii/yii-1.1.16.bca042/framework/web/actions/CAction.php(109): ReflectionMethod->invokeArgs(Object(PageController), Array)
#3 /Users/muken/proyectos/yii/yii-1.1.16.bca042/framework/web/actions/CInlineAction.php(47): CAction->runWithParamsInternal(Object(PageController), Object(ReflectionMethod), Array)
#4 /Users/muken/proyectos/yii/yii-1.1.16.bca042/framework/web/CController.php(308): CInlineAction->runWithParams(Array)
#5 /Users/muken/proyectos/yii/yii-1.1.16.bca042/framework/web/filters/CFilterChain.php(133): CController->runAction(Object(CInlineAction))
#6 /Users/muken/proyectos/yii/yii-1.1.16.bca042/framework/web/filters/CFilter.php(40): CFilterChain->run()
#7 /Users/muken/proyectos/yii/yii-1.1.16.bca042/framework/web/CController.php(1145): CFilter->filter(Object(CFilterChain))
#8 /Users/muken/proyectos/yii/yii-1.1.16.bca042/framework/web/filters/CInlineFilter.php(58): CController->filterAccessControl(Object(CFilterChain))
#9 /Users/muken/proyectos/yii/yii-1.1.16.bca042/framework/web/filters/CFilterChain.php(130): CInlineFilter->filter(Object(CFilterChain))
#10 /Users/muken/proyectos/yii/yii-1.1.16.bca042/framework/web/CController.php(291): CFilterChain->run()
#11 /Users/muken/proyectos/yii/yii-1.1.16.bca042/framework/web/CController.php(265): CController->runActionWithFilters(Object(CInlineAction), Array)
#12 /Users/muken/proyectos/yii/yii-1.1.16.bca042/framework/web/CWebApplication.php(282): CController->run('view')
#13 /Users/muken/proyectos/yii/yii-1.1.16.bca042/framework/web/CWebApplication.php(141): CWebApplication->runController('page/view')
#14 /Users/muken/proyectos/yii/yii-1.1.16.bca042/framework/base/CApplication.php(184): CWebApplication->processRequest()
#15 /Users/muken/proyectos/yii/Yii-examples/ejemplo1/index.php(13): CApplication->run()
#16 {main}
REQUEST_URI=/ejemplo1/page/1
---
2014/12/28 16:59:17 [error] [exception.CHttpException.404] exception 'CHttpException' with message 'The requested page does not exist.' in /Users/muken/proyectos/yii/Yii-examples/ejemplo1/protected/controllers/PageController.php:157
Stack trace:
#0 /Users/muken/proyectos/yii/Yii-examples/ejemplo1/protected/controllers/PageController.php(55): PageController->loadModel('1')
#1 [internal function]: PageController->actionView('1')
#2 /Users/muken/proyectos/yii/yii-1.1.16.bca042/framework/web/actions/CAction.php(109): ReflectionMethod->invokeArgs(Object(PageController), Array)
#3 /Users/muken/proyectos/yii/yii-1.1.16.bca042/framework/web/actions/CInlineAction.php(47): CAction->runWithParamsInternal(Object(PageController), Object(ReflectionMethod), Array)
#4 /Users/muken/proyectos/yii/yii-1.1.16.bca042/framework/web/CController.php(308): CInlineAction->runWithParams(Array)
#5 /Users/muken/proyectos/yii/yii-1.1.16.bca042/framework/web/filters/CFilterChain.php(133): CController->runAction(Object(CInlineAction))
#6 /Users/muken/proyectos/yii/yii-1.1.16.bca042/framework/web/filters/CFilter.php(40): CFilterChain->run()
#7 /Users/muken/proyectos/yii/yii-1.1.16.bca042/framework/web/CController.php(1145): CFilter->filter(Object(CFilterChain))
#8 /Users/muken/proyectos/yii/yii-1.1.16.bca042/framework/web/filters/CInlineFilter.php(58): CController->filterAccessControl(Object(CFilterChain))
#9 /Users/muken/proyectos/yii/yii-1.1.16.bca042/framework/web/filters/CFilterChain.php(130): CInlineFilter->filter(Object(CFilterChain))
#10 /Users/muken/proyectos/yii/yii-1.1.16.bca042/framework/web/CController.php(291): CFilterChain->run()
#11 /Users/muken/proyectos/yii/yii-1.1.16.bca042/framework/web/CController.php(265): CController->runActionWithFilters(Object(CInlineAction), Array)
#12 /Users/muken/proyectos/yii/yii-1.1.16.bca042/framework/web/CWebApplication.php(282): CController->run('view')
#13 /Users/muken/proyectos/yii/yii-1.1.16.bca042/framework/web/CWebApplication.php(141): CWebApplication->runController('page/view')
#14 /Users/muken/proyectos/yii/yii-1.1.16.bca042/framework/base/CApplication.php(184): CWebApplication->processRequest()
#15 /Users/muken/proyectos/yii/Yii-examples/ejemplo1/index.php(13): CApplication->run()
#16 {main}
REQUEST_URI=/ejemplo1/page/1
---
2014/12/28 16:59:18 [error] [exception.CHttpException.404] exception 'CHttpException' with message 'The requested page does not exist.' in /Users/muken/proyectos/yii/Yii-examples/ejemplo1/protected/controllers/PageController.php:157
Stack trace:
#0 /Users/muken/proyectos/yii/Yii-examples/ejemplo1/protected/controllers/PageController.php(55): PageController->loadModel('1')
#1 [internal function]: PageController->actionView('1')
#2 /Users/muken/proyectos/yii/yii-1.1.16.bca042/framework/web/actions/CAction.php(109): ReflectionMethod->invokeArgs(Object(PageController), Array)
#3 /Users/muken/proyectos/yii/yii-1.1.16.bca042/framework/web/actions/CInlineAction.php(47): CAction->runWithParamsInternal(Object(PageController), Object(ReflectionMethod), Array)
#4 /Users/muken/proyectos/yii/yii-1.1.16.bca042/framework/web/CController.php(308): CInlineAction->runWithParams(Array)
#5 /Users/muken/proyectos/yii/yii-1.1.16.bca042/framework/web/filters/CFilterChain.php(133): CController->runAction(Object(CInlineAction))
#6 /Users/muken/proyectos/yii/yii-1.1.16.bca042/framework/web/filters/CFilter.php(40): CFilterChain->run()
#7 /Users/muken/proyectos/yii/yii-1.1.16.bca042/framework/web/CController.php(1145): CFilter->filter(Object(CFilterChain))
#8 /Users/muken/proyectos/yii/yii-1.1.16.bca042/framework/web/filters/CInlineFilter.php(58): CController->filterAccessControl(Object(CFilterChain))
#9 /Users/muken/proyectos/yii/yii-1.1.16.bca042/framework/web/filters/CFilterChain.php(130): CInlineFilter->filter(Object(CFilterChain))
#10 /Users/muken/proyectos/yii/yii-1.1.16.bca042/framework/web/CController.php(291): CFilterChain->run()
#11 /Users/muken/proyectos/yii/yii-1.1.16.bca042/framework/web/CController.php(265): CController->runActionWithFilters(Object(CInlineAction), Array)
#12 /Users/muken/proyectos/yii/yii-1.1.16.bca042/framework/web/CWebApplication.php(282): CController->run('view')
#13 /Users/muken/proyectos/yii/yii-1.1.16.bca042/framework/web/CWebApplication.php(141): CWebApplication->runController('page/view')
#14 /Users/muken/proyectos/yii/yii-1.1.16.bca042/framework/base/CApplication.php(184): CWebApplication->processRequest()
#15 /Users/muken/proyectos/yii/Yii-examples/ejemplo1/index.php(13): CApplication->run()
#16 {main}
REQUEST_URI=/ejemplo1/page/1
---
2014/12/28 16:59:55 [warning] [application] Failed to set unsafe attribute "date_updated" of "Page".
in /Users/muken/proyectos/yii/Yii-examples/ejemplo1/protected/controllers/PageController.php (72)
in /Users/muken/proyectos/yii/Yii-examples/ejemplo1/index.php (13)
2014/12/28 16:59:55 [error] [exception.CException] exception 'CException' with message 'Property "Page.date_entered" is not defined.' in /Users/muken/proyectos/yii/yii-1.1.16.bca042/framework/base/CComponent.php:130
Stack trace:
#0 /Users/muken/proyectos/yii/yii-1.1.16.bca042/framework/db/ar/CActiveRecord.php(145): CComponent->__get('date_entered')
#1 /Users/muken/proyectos/yii/yii-1.1.16.bca042/framework/validators/CDefaultValueValidator.php(44): CActiveRecord->__get('date_entered')
#2 /Users/muken/proyectos/yii/yii-1.1.16.bca042/framework/validators/CValidator.php(201): CDefaultValueValidator->validateAttribute(Object(Page), 'date_entered')
#3 /Users/muken/proyectos/yii/yii-1.1.16.bca042/framework/base/CModel.php(159): CValidator->validate(Object(Page), NULL)
#4 /Users/muken/proyectos/yii/yii-1.1.16.bca042/framework/db/ar/CActiveRecord.php(808): CModel->validate(NULL)
#5 /Users/muken/proyectos/yii/Yii-examples/ejemplo1/protected/controllers/PageController.php(73): CActiveRecord->save()
#6 /Users/muken/proyectos/yii/yii-1.1.16.bca042/framework/web/actions/CInlineAction.php(49): PageController->actionCreate()
#7 /Users/muken/proyectos/yii/yii-1.1.16.bca042/framework/web/CController.php(308): CInlineAction->runWithParams(Array)
#8 /Users/muken/proyectos/yii/yii-1.1.16.bca042/framework/web/filters/CFilterChain.php(133): CController->runAction(Object(CInlineAction))
#9 /Users/muken/proyectos/yii/yii-1.1.16.bca042/framework/web/filters/CFilter.php(40): CFilterChain->run()
#10 /Users/muken/proyectos/yii/yii-1.1.16.bca042/framework/web/CController.php(1145): CFilter->filter(Object(CFilterChain))
#11 /Users/muken/proyectos/yii/yii-1.1.16.bca042/framework/web/filters/CInlineFilter.php(58): CController->filterAccessControl(Object(CFilterChain))
#12 /Users/muken/proyectos/yii/yii-1.1.16.bca042/framework/web/filters/CFilterChain.php(130): CInlineFilter->filter(Object(CFilterChain))
#13 /Users/muken/proyectos/yii/yii-1.1.16.bca042/framework/web/CController.php(291): CFilterChain->run()
#14 /Users/muken/proyectos/yii/yii-1.1.16.bca042/framework/web/CController.php(265): CController->runActionWithFilters(Object(CInlineAction), Array)
#15 /Users/muken/proyectos/yii/yii-1.1.16.bca042/framework/web/CWebApplication.php(282): CController->run('create')
#16 /Users/muken/proyectos/yii/yii-1.1.16.bca042/framework/web/CWebApplication.php(141): CWebApplication->runController('page/create')
#17 /Users/muken/proyectos/yii/yii-1.1.16.bca042/framework/base/CApplication.php(184): CWebApplication->processRequest()
#18 /Users/muken/proyectos/yii/Yii-examples/ejemplo1/index.php(13): CApplication->run()
#19 {main}
REQUEST_URI=/ejemplo1/page/create
HTTP_REFERER=http://localhost/ejemplo1/page/create
---
2014/12/28 17:01:49 [warning] [application] Failed to set unsafe attribute "date_updated" of "Page".
in /Users/muken/proyectos/yii/Yii-examples/ejemplo1/protected/controllers/PageController.php (72)
in /Users/muken/proyectos/yii/Yii-examples/ejemplo1/index.php (13)
2014/12/28 17:02:04 [warning] [application] Failed to set unsafe attribute "date_updated" of "Page".
in /Users/muken/proyectos/yii/Yii-examples/ejemplo1/protected/controllers/PageController.php (72)
in /Users/muken/proyectos/yii/Yii-examples/ejemplo1/index.php (13)
2014/12/28 17:02:09 [warning] [application] Failed to set unsafe attribute "date_updated" of "Page".
in /Users/muken/proyectos/yii/Yii-examples/ejemplo1/protected/controllers/PageController.php (72)
in /Users/muken/proyectos/yii/Yii-examples/ejemplo1/index.php (13)
2014/12/28 17:03:08 [warning] [application] Failed to set unsafe attribute "user_id" of "Page".
in /Users/muken/proyectos/yii/Yii-examples/ejemplo1/protected/controllers/PageController.php (72)
in /Users/muken/proyectos/yii/Yii-examples/ejemplo1/index.php (13)
2014/12/28 17:03:08 [warning] [application] Failed to set unsafe attribute "date_updated" of "Page".
in /Users/muken/proyectos/yii/Yii-examples/ejemplo1/protected/controllers/PageController.php (72)
in /Users/muken/proyectos/yii/Yii-examples/ejemplo1/index.php (13)
2014/12/28 17:05:28 [error] [exception.CHttpException.404] exception 'CHttpException' with message 'The system is unable to find the requested action "fermin".' in /Users/muken/proyectos/yii/yii-1.1.16.bca042/framework/web/CController.php:483
Stack trace:
#0 /Users/muken/proyectos/yii/yii-1.1.16.bca042/framework/web/CController.php(270): CController->missingAction('fermin')
#1 /Users/muken/proyectos/yii/yii-1.1.16.bca042/framework/web/CWebApplication.php(282): CController->run('fermin')
#2 /Users/muken/proyectos/yii/yii-1.1.16.bca042/framework/web/CWebApplication.php(141): CWebApplication->runController('user/fermin')
#3 /Users/muken/proyectos/yii/yii-1.1.16.bca042/framework/base/CApplication.php(184): CWebApplication->processRequest()
#4 /Users/muken/proyectos/yii/Yii-examples/ejemplo1/index.php(13): CApplication->run()
#5 {main}
REQUEST_URI=/ejemplo1/user/fermin
---
2014/12/28 17:13:38 [error] [exception.CHttpException.404] exception 'CHttpException' with message 'The system is unable to find the requested action "fermin".' in /Users/muken/proyectos/yii/yii-1.1.16.bca042/framework/web/CController.php:483
Stack trace:
#0 /Users/muken/proyectos/yii/yii-1.1.16.bca042/framework/web/CController.php(270): CController->missingAction('fermin')
#1 /Users/muken/proyectos/yii/yii-1.1.16.bca042/framework/web/CWebApplication.php(282): CController->run('fermin')
#2 /Users/muken/proyectos/yii/yii-1.1.16.bca042/framework/web/CWebApplication.php(141): CWebApplication->runController('user/fermin')
#3 /Users/muken/proyectos/yii/yii-1.1.16.bca042/framework/base/CApplication.php(184): CWebApplication->processRequest()
#4 /Users/muken/proyectos/yii/Yii-examples/ejemplo1/index.php(13): CApplication->run()
#5 {main}
REQUEST_URI=/ejemplo1/user/fermin
---
2014/12/28 17:13:39 [error] [exception.CHttpException.404] exception 'CHttpException' with message 'The system is unable to find the requested action "fermin".' in /Users/muken/proyectos/yii/yii-1.1.16.bca042/framework/web/CController.php:483
Stack trace:
#0 /Users/muken/proyectos/yii/yii-1.1.16.bca042/framework/web/CController.php(270): CController->missingAction('fermin')
#1 /Users/muken/proyectos/yii/yii-1.1.16.bca042/framework/web/CWebApplication.php(282): CController->run('fermin')
#2 /Users/muken/proyectos/yii/yii-1.1.16.bca042/framework/web/CWebApplication.php(141): CWebApplication->runController('user/fermin')
#3 /Users/muken/proyectos/yii/yii-1.1.16.bca042/framework/base/CApplication.php(184): CWebApplication->processRequest()
#4 /Users/muken/proyectos/yii/Yii-examples/ejemplo1/index.php(13): CApplication->run()
#5 {main}
REQUEST_URI=/ejemplo1/user/fermin
---
2014/12/28 17:13:39 [error] [exception.CHttpException.404] exception 'CHttpException' with message 'The system is unable to find the requested action "fermin".' in /Users/muken/proyectos/yii/yii-1.1.16.bca042/framework/web/CController.php:483
Stack trace:
#0 /Users/muken/proyectos/yii/yii-1.1.16.bca042/framework/web/CController.php(270): CController->missingAction('fermin')
#1 /Users/muken/proyectos/yii/yii-1.1.16.bca042/framework/web/CWebApplication.php(282): CController->run('fermin')
#2 /Users/muken/proyectos/yii/yii-1.1.16.bca042/framework/web/CWebApplication.php(141): CWebApplication->runController('user/fermin')
#3 /Users/muken/proyectos/yii/yii-1.1.16.bca042/framework/base/CApplication.php(184): CWebApplication->processRequest()
#4 /Users/muken/proyectos/yii/Yii-examples/ejemplo1/index.php(13): CApplication->run()
#5 {main}
REQUEST_URI=/ejemplo1/user/fermin
---
2014/12/28 17:13:39 [error] [exception.CHttpException.404] exception 'CHttpException' with message 'The system is unable to find the requested action "fermin".' in /Users/muken/proyectos/yii/yii-1.1.16.bca042/framework/web/CController.php:483
Stack trace:
#0 /Users/muken/proyectos/yii/yii-1.1.16.bca042/framework/web/CController.php(270): CController->missingAction('fermin')
#1 /Users/muken/proyectos/yii/yii-1.1.16.bca042/framework/web/CWebApplication.php(282): CController->run('fermin')
#2 /Users/muken/proyectos/yii/yii-1.1.16.bca042/framework/web/CWebApplication.php(141): CWebApplication->runController('user/fermin')
#3 /Users/muken/proyectos/yii/yii-1.1.16.bca042/framework/base/CApplication.php(184): CWebApplication->processRequest()
#4 /Users/muken/proyectos/yii/Yii-examples/ejemplo1/index.php(13): CApplication->run()
#5 {main}
REQUEST_URI=/ejemplo1/user/fermin
---
2014/12/28 17:13:40 [error] [exception.CHttpException.404] exception 'CHttpException' with message 'The system is unable to find the requested action "fermin".' in /Users/muken/proyectos/yii/yii-1.1.16.bca042/framework/web/CController.php:483
Stack trace:
#0 /Users/muken/proyectos/yii/yii-1.1.16.bca042/framework/web/CController.php(270): CController->missingAction('fermin')
#1 /Users/muken/proyectos/yii/yii-1.1.16.bca042/framework/web/CWebApplication.php(282): CController->run('fermin')
#2 /Users/muken/proyectos/yii/yii-1.1.16.bca042/framework/web/CWebApplication.php(141): CWebApplication->runController('user/fermin')
#3 /Users/muken/proyectos/yii/yii-1.1.16.bca042/framework/base/CApplication.php(184): CWebApplication->processRequest()
#4 /Users/muken/proyectos/yii/Yii-examples/ejemplo1/index.php(13): CApplication->run()
#5 {main}
REQUEST_URI=/ejemplo1/user/fermin
---
2014/12/28 17:13:40 [error] [exception.CHttpException.404] exception 'CHttpException' with message 'The system is unable to find the requested action "fermin".' in /Users/muken/proyectos/yii/yii-1.1.16.bca042/framework/web/CController.php:483
Stack trace:
#0 /Users/muken/proyectos/yii/yii-1.1.16.bca042/framework/web/CController.php(270): CController->missingAction('fermin')
#1 /Users/muken/proyectos/yii/yii-1.1.16.bca042/framework/web/CWebApplication.php(282): CController->run('fermin')
#2 /Users/muken/proyectos/yii/yii-1.1.16.bca042/framework/web/CWebApplication.php(141): CWebApplication->runController('user/fermin')
#3 /Users/muken/proyectos/yii/yii-1.1.16.bca042/framework/base/CApplication.php(184): CWebApplication->processRequest()
#4 /Users/muken/proyectos/yii/Yii-examples/ejemplo1/index.php(13): CApplication->run()
#5 {main}
REQUEST_URI=/ejemplo1/user/fermin
---
2014/12/28 17:13:40 [error] [exception.CHttpException.404] exception 'CHttpException' with message 'The system is unable to find the requested action "fermin".' in /Users/muken/proyectos/yii/yii-1.1.16.bca042/framework/web/CController.php:483
Stack trace:
#0 /Users/muken/proyectos/yii/yii-1.1.16.bca042/framework/web/CController.php(270): CController->missingAction('fermin')
#1 /Users/muken/proyectos/yii/yii-1.1.16.bca042/framework/web/CWebApplication.php(282): CController->run('fermin')
#2 /Users/muken/proyectos/yii/yii-1.1.16.bca042/framework/web/CWebApplication.php(141): CWebApplication->runController('user/fermin')
#3 /Users/muken/proyectos/yii/yii-1.1.16.bca042/framework/base/CApplication.php(184): CWebApplication->processRequest()
#4 /Users/muken/proyectos/yii/Yii-examples/ejemplo1/index.php(13): CApplication->run()
#5 {main}
REQUEST_URI=/ejemplo1/user/fermin
---
2014/12/28 17:37:07 [error] [exception.CHttpException.404] exception 'CHttpException' with message 'The system is unable to find the requested action "fermin".' in /Users/muken/proyectos/yii/yii-1.1.16.bca042/framework/web/CController.php:483
Stack trace:
#0 /Users/muken/proyectos/yii/yii-1.1.16.bca042/framework/web/CController.php(270): CController->missingAction('fermin')
#1 /Users/muken/proyectos/yii/yii-1.1.16.bca042/framework/web/CWebApplication.php(282): CController->run('fermin')
#2 /Users/muken/proyectos/yii/yii-1.1.16.bca042/framework/web/CWebApplication.php(141): CWebApplication->runController('user/fermin')
#3 /Users/muken/proyectos/yii/yii-1.1.16.bca042/framework/base/CApplication.php(184): CWebApplication->processRequest()
#4 /Users/muken/proyectos/yii/Yii-examples/ejemplo1/index.php(13): CApplication->run()
#5 {main}
REQUEST_URI=/ejemplo1/user/fermin
---
