2015/01/07 09:23:06 [error] [exception.CHttpException.404] exception 'CHttpException' with message 'The system is unable to find the requested action "prueba".' in /Users/fermin/yii/yii-1.1.16.bca042/framework/web/CController.php:483
Stack trace:
#0 /Users/fermin/yii/yii-1.1.16.bca042/framework/web/CController.php(270): CController->missingAction('prueba')
#1 /Users/fermin/yii/yii-1.1.16.bca042/framework/web/CWebApplication.php(282): CController->run('prueba')
#2 /Users/fermin/yii/yii-1.1.16.bca042/framework/web/CWebApplication.php(141): CWebApplication->runController('site/prueba')
#3 /Users/fermin/yii/yii-1.1.16.bca042/framework/base/CApplication.php(184): CWebApplication->processRequest()
#4 /Users/fermin/yii/Yii-examples/tutorial-yii/index.php(13): CApplication->run()
#5 {main}
REQUEST_URI=/tutorial-yii/index.php?r=site/prueba
---
2015/01/07 09:38:56 [error] [exception.CException] exception 'CException' with message 'Property "SiteController.assestsBase" is not defined.' in /Users/fermin/yii/yii-1.1.16.bca042/framework/base/CComponent.php:130
Stack trace:
#0 /Users/fermin/yii/Yii-examples/tutorial-yii/protected/views/layouts/main.php(23): CComponent->__get('assestsBase')
#1 /Users/fermin/yii/yii-1.1.16.bca042/framework/web/CBaseController.php(126): require('/Users/fermin/y...')
#2 /Users/fermin/yii/yii-1.1.16.bca042/framework/web/CBaseController.php(95): CBaseController->renderInternal('/Users/fermin/y...', Array, true)
#3 /Users/fermin/yii/yii-1.1.16.bca042/framework/web/widgets/CContentDecorator.php(76): CBaseController->renderFile('/Users/fermin/y...', Array, true)
#4 /Users/fermin/yii/yii-1.1.16.bca042/framework/web/widgets/CContentDecorator.php(54): CContentDecorator->decorate('<div id="conten...')
#5 /Users/fermin/yii/yii-1.1.16.bca042/framework/web/widgets/COutputProcessor.php(44): CContentDecorator->processOutput('<div id="conten...')
#6 /Users/fermin/yii/yii-1.1.16.bca042/framework/web/CBaseController.php(214): COutputProcessor->run()
#7 /Users/fermin/yii/yii-1.1.16.bca042/framework/web/CBaseController.php(308): CBaseController->endWidget('CContentDecorat...')
#8 /Users/fermin/yii/Yii-examples/tutorial-yii/protected/views/layouts/column1.php(6): CBaseController->endContent()
#9 /Users/fermin/yii/yii-1.1.16.bca042/framework/web/CBaseController.php(126): require('/Users/fermin/y...')
#10 /Users/fermin/yii/yii-1.1.16.bca042/framework/web/CBaseController.php(95): CBaseController->renderInternal('/Users/fermin/y...', Array, true)
#11 /Users/fermin/yii/yii-1.1.16.bca042/framework/web/CController.php(784): CBaseController->renderFile('/Users/fermin/y...', Array, true)
#12 /Users/fermin/yii/Yii-examples/tutorial-yii/protected/controllers/SiteController.php(120): CController->render('prueba')
#13 /Users/fermin/yii/yii-1.1.16.bca042/framework/web/actions/CInlineAction.php(49): SiteController->actionPrueba()
#14 /Users/fermin/yii/yii-1.1.16.bca042/framework/web/CController.php(308): CInlineAction->runWithParams(Array)
#15 /Users/fermin/yii/yii-1.1.16.bca042/framework/web/CController.php(286): CController->runAction(Object(CInlineAction))
#16 /Users/fermin/yii/yii-1.1.16.bca042/framework/web/CController.php(265): CController->runActionWithFilters(Object(CInlineAction), Array)
#17 /Users/fermin/yii/yii-1.1.16.bca042/framework/web/CWebApplication.php(282): CController->run('prueba')
#18 /Users/fermin/yii/yii-1.1.16.bca042/framework/web/CWebApplication.php(141): CWebApplication->runController('site/prueba')
#19 /Users/fermin/yii/yii-1.1.16.bca042/framework/base/CApplication.php(184): CWebApplication->processRequest()
#20 /Users/fermin/yii/Yii-examples/tutorial-yii/index.php(13): CApplication->run()
#21 {main}
REQUEST_URI=/tutorial-yii/index.php?r=site/prueba
---
2015/01/07 09:38:57 [error] [exception.CException] exception 'CException' with message 'Property "SiteController.assestsBase" is not defined.' in /Users/fermin/yii/yii-1.1.16.bca042/framework/base/CComponent.php:130
Stack trace:
#0 /Users/fermin/yii/Yii-examples/tutorial-yii/protected/views/layouts/main.php(23): CComponent->__get('assestsBase')
#1 /Users/fermin/yii/yii-1.1.16.bca042/framework/web/CBaseController.php(126): require('/Users/fermin/y...')
#2 /Users/fermin/yii/yii-1.1.16.bca042/framework/web/CBaseController.php(95): CBaseController->renderInternal('/Users/fermin/y...', Array, true)
#3 /Users/fermin/yii/yii-1.1.16.bca042/framework/web/widgets/CContentDecorator.php(76): CBaseController->renderFile('/Users/fermin/y...', Array, true)
#4 /Users/fermin/yii/yii-1.1.16.bca042/framework/web/widgets/CContentDecorator.php(54): CContentDecorator->decorate('<div id="conten...')
#5 /Users/fermin/yii/yii-1.1.16.bca042/framework/web/widgets/COutputProcessor.php(44): CContentDecorator->processOutput('<div id="conten...')
#6 /Users/fermin/yii/yii-1.1.16.bca042/framework/web/CBaseController.php(214): COutputProcessor->run()
#7 /Users/fermin/yii/yii-1.1.16.bca042/framework/web/CBaseController.php(308): CBaseController->endWidget('CContentDecorat...')
#8 /Users/fermin/yii/Yii-examples/tutorial-yii/protected/views/layouts/column1.php(6): CBaseController->endContent()
#9 /Users/fermin/yii/yii-1.1.16.bca042/framework/web/CBaseController.php(126): require('/Users/fermin/y...')
#10 /Users/fermin/yii/yii-1.1.16.bca042/framework/web/CBaseController.php(95): CBaseController->renderInternal('/Users/fermin/y...', Array, true)
#11 /Users/fermin/yii/yii-1.1.16.bca042/framework/web/CController.php(784): CBaseController->renderFile('/Users/fermin/y...', Array, true)
#12 /Users/fermin/yii/Yii-examples/tutorial-yii/protected/controllers/SiteController.php(120): CController->render('prueba')
#13 /Users/fermin/yii/yii-1.1.16.bca042/framework/web/actions/CInlineAction.php(49): SiteController->actionPrueba()
#14 /Users/fermin/yii/yii-1.1.16.bca042/framework/web/CController.php(308): CInlineAction->runWithParams(Array)
#15 /Users/fermin/yii/yii-1.1.16.bca042/framework/web/CController.php(286): CController->runAction(Object(CInlineAction))
#16 /Users/fermin/yii/yii-1.1.16.bca042/framework/web/CController.php(265): CController->runActionWithFilters(Object(CInlineAction), Array)
#17 /Users/fermin/yii/yii-1.1.16.bca042/framework/web/CWebApplication.php(282): CController->run('prueba')
#18 /Users/fermin/yii/yii-1.1.16.bca042/framework/web/CWebApplication.php(141): CWebApplication->runController('site/prueba')
#19 /Users/fermin/yii/yii-1.1.16.bca042/framework/base/CApplication.php(184): CWebApplication->processRequest()
#20 /Users/fermin/yii/Yii-examples/tutorial-yii/index.php(13): CApplication->run()
#21 {main}
REQUEST_URI=/tutorial-yii/index.php?r=site/prueba
---
2015/01/07 09:38:58 [error] [exception.CException] exception 'CException' with message 'Property "SiteController.assestsBase" is not defined.' in /Users/fermin/yii/yii-1.1.16.bca042/framework/base/CComponent.php:130
Stack trace:
#0 /Users/fermin/yii/Yii-examples/tutorial-yii/protected/views/layouts/main.php(23): CComponent->__get('assestsBase')
#1 /Users/fermin/yii/yii-1.1.16.bca042/framework/web/CBaseController.php(126): require('/Users/fermin/y...')
#2 /Users/fermin/yii/yii-1.1.16.bca042/framework/web/CBaseController.php(95): CBaseController->renderInternal('/Users/fermin/y...', Array, true)
#3 /Users/fermin/yii/yii-1.1.16.bca042/framework/web/widgets/CContentDecorator.php(76): CBaseController->renderFile('/Users/fermin/y...', Array, true)
#4 /Users/fermin/yii/yii-1.1.16.bca042/framework/web/widgets/CContentDecorator.php(54): CContentDecorator->decorate('<div id="conten...')
#5 /Users/fermin/yii/yii-1.1.16.bca042/framework/web/widgets/COutputProcessor.php(44): CContentDecorator->processOutput('<div id="conten...')
#6 /Users/fermin/yii/yii-1.1.16.bca042/framework/web/CBaseController.php(214): COutputProcessor->run()
#7 /Users/fermin/yii/yii-1.1.16.bca042/framework/web/CBaseController.php(308): CBaseController->endWidget('CContentDecorat...')
#8 /Users/fermin/yii/Yii-examples/tutorial-yii/protected/views/layouts/column1.php(6): CBaseController->endContent()
#9 /Users/fermin/yii/yii-1.1.16.bca042/framework/web/CBaseController.php(126): require('/Users/fermin/y...')
#10 /Users/fermin/yii/yii-1.1.16.bca042/framework/web/CBaseController.php(95): CBaseController->renderInternal('/Users/fermin/y...', Array, true)
#11 /Users/fermin/yii/yii-1.1.16.bca042/framework/web/CController.php(784): CBaseController->renderFile('/Users/fermin/y...', Array, true)
#12 /Users/fermin/yii/Yii-examples/tutorial-yii/protected/controllers/SiteController.php(120): CController->render('prueba')
#13 /Users/fermin/yii/yii-1.1.16.bca042/framework/web/actions/CInlineAction.php(49): SiteController->actionPrueba()
#14 /Users/fermin/yii/yii-1.1.16.bca042/framework/web/CController.php(308): CInlineAction->runWithParams(Array)
#15 /Users/fermin/yii/yii-1.1.16.bca042/framework/web/CController.php(286): CController->runAction(Object(CInlineAction))
#16 /Users/fermin/yii/yii-1.1.16.bca042/framework/web/CController.php(265): CController->runActionWithFilters(Object(CInlineAction), Array)
#17 /Users/fermin/yii/yii-1.1.16.bca042/framework/web/CWebApplication.php(282): CController->run('prueba')
#18 /Users/fermin/yii/yii-1.1.16.bca042/framework/web/CWebApplication.php(141): CWebApplication->runController('site/prueba')
#19 /Users/fermin/yii/yii-1.1.16.bca042/framework/base/CApplication.php(184): CWebApplication->processRequest()
#20 /Users/fermin/yii/Yii-examples/tutorial-yii/index.php(13): CApplication->run()
#21 {main}
REQUEST_URI=/tutorial-yii/index.php?r=site/prueba
---
2015/01/07 09:38:58 [error] [exception.CException] exception 'CException' with message 'Property "SiteController.assestsBase" is not defined.' in /Users/fermin/yii/yii-1.1.16.bca042/framework/base/CComponent.php:130
Stack trace:
#0 /Users/fermin/yii/Yii-examples/tutorial-yii/protected/views/layouts/main.php(23): CComponent->__get('assestsBase')
#1 /Users/fermin/yii/yii-1.1.16.bca042/framework/web/CBaseController.php(126): require('/Users/fermin/y...')
#2 /Users/fermin/yii/yii-1.1.16.bca042/framework/web/CBaseController.php(95): CBaseController->renderInternal('/Users/fermin/y...', Array, true)
#3 /Users/fermin/yii/yii-1.1.16.bca042/framework/web/widgets/CContentDecorator.php(76): CBaseController->renderFile('/Users/fermin/y...', Array, true)
#4 /Users/fermin/yii/yii-1.1.16.bca042/framework/web/widgets/CContentDecorator.php(54): CContentDecorator->decorate('<div id="conten...')
#5 /Users/fermin/yii/yii-1.1.16.bca042/framework/web/widgets/COutputProcessor.php(44): CContentDecorator->processOutput('<div id="conten...')
#6 /Users/fermin/yii/yii-1.1.16.bca042/framework/web/CBaseController.php(214): COutputProcessor->run()
#7 /Users/fermin/yii/yii-1.1.16.bca042/framework/web/CBaseController.php(308): CBaseController->endWidget('CContentDecorat...')
#8 /Users/fermin/yii/Yii-examples/tutorial-yii/protected/views/layouts/column1.php(6): CBaseController->endContent()
#9 /Users/fermin/yii/yii-1.1.16.bca042/framework/web/CBaseController.php(126): require('/Users/fermin/y...')
#10 /Users/fermin/yii/yii-1.1.16.bca042/framework/web/CBaseController.php(95): CBaseController->renderInternal('/Users/fermin/y...', Array, true)
#11 /Users/fermin/yii/yii-1.1.16.bca042/framework/web/CController.php(784): CBaseController->renderFile('/Users/fermin/y...', Array, true)
#12 /Users/fermin/yii/Yii-examples/tutorial-yii/protected/controllers/SiteController.php(120): CController->render('prueba')
#13 /Users/fermin/yii/yii-1.1.16.bca042/framework/web/actions/CInlineAction.php(49): SiteController->actionPrueba()
#14 /Users/fermin/yii/yii-1.1.16.bca042/framework/web/CController.php(308): CInlineAction->runWithParams(Array)
#15 /Users/fermin/yii/yii-1.1.16.bca042/framework/web/CController.php(286): CController->runAction(Object(CInlineAction))
#16 /Users/fermin/yii/yii-1.1.16.bca042/framework/web/CController.php(265): CController->runActionWithFilters(Object(CInlineAction), Array)
#17 /Users/fermin/yii/yii-1.1.16.bca042/framework/web/CWebApplication.php(282): CController->run('prueba')
#18 /Users/fermin/yii/yii-1.1.16.bca042/framework/web/CWebApplication.php(141): CWebApplication->runController('site/prueba')
#19 /Users/fermin/yii/yii-1.1.16.bca042/framework/base/CApplication.php(184): CWebApplication->processRequest()
#20 /Users/fermin/yii/Yii-examples/tutorial-yii/index.php(13): CApplication->run()
#21 {main}
REQUEST_URI=/tutorial-yii/index.php?r=site/prueba
---
2015/01/07 09:38:58 [error] [exception.CException] exception 'CException' with message 'Property "SiteController.assestsBase" is not defined.' in /Users/fermin/yii/yii-1.1.16.bca042/framework/base/CComponent.php:130
Stack trace:
#0 /Users/fermin/yii/Yii-examples/tutorial-yii/protected/views/layouts/main.php(23): CComponent->__get('assestsBase')
#1 /Users/fermin/yii/yii-1.1.16.bca042/framework/web/CBaseController.php(126): require('/Users/fermin/y...')
#2 /Users/fermin/yii/yii-1.1.16.bca042/framework/web/CBaseController.php(95): CBaseController->renderInternal('/Users/fermin/y...', Array, true)
#3 /Users/fermin/yii/yii-1.1.16.bca042/framework/web/widgets/CContentDecorator.php(76): CBaseController->renderFile('/Users/fermin/y...', Array, true)
#4 /Users/fermin/yii/yii-1.1.16.bca042/framework/web/widgets/CContentDecorator.php(54): CContentDecorator->decorate('<div id="conten...')
#5 /Users/fermin/yii/yii-1.1.16.bca042/framework/web/widgets/COutputProcessor.php(44): CContentDecorator->processOutput('<div id="conten...')
#6 /Users/fermin/yii/yii-1.1.16.bca042/framework/web/CBaseController.php(214): COutputProcessor->run()
#7 /Users/fermin/yii/yii-1.1.16.bca042/framework/web/CBaseController.php(308): CBaseController->endWidget('CContentDecorat...')
#8 /Users/fermin/yii/Yii-examples/tutorial-yii/protected/views/layouts/column1.php(6): CBaseController->endContent()
#9 /Users/fermin/yii/yii-1.1.16.bca042/framework/web/CBaseController.php(126): require('/Users/fermin/y...')
#10 /Users/fermin/yii/yii-1.1.16.bca042/framework/web/CBaseController.php(95): CBaseController->renderInternal('/Users/fermin/y...', Array, true)
#11 /Users/fermin/yii/yii-1.1.16.bca042/framework/web/CController.php(784): CBaseController->renderFile('/Users/fermin/y...', Array, true)
#12 /Users/fermin/yii/Yii-examples/tutorial-yii/protected/controllers/SiteController.php(120): CController->render('prueba')
#13 /Users/fermin/yii/yii-1.1.16.bca042/framework/web/actions/CInlineAction.php(49): SiteController->actionPrueba()
#14 /Users/fermin/yii/yii-1.1.16.bca042/framework/web/CController.php(308): CInlineAction->runWithParams(Array)
#15 /Users/fermin/yii/yii-1.1.16.bca042/framework/web/CController.php(286): CController->runAction(Object(CInlineAction))
#16 /Users/fermin/yii/yii-1.1.16.bca042/framework/web/CController.php(265): CController->runActionWithFilters(Object(CInlineAction), Array)
#17 /Users/fermin/yii/yii-1.1.16.bca042/framework/web/CWebApplication.php(282): CController->run('prueba')
#18 /Users/fermin/yii/yii-1.1.16.bca042/framework/web/CWebApplication.php(141): CWebApplication->runController('site/prueba')
#19 /Users/fermin/yii/yii-1.1.16.bca042/framework/base/CApplication.php(184): CWebApplication->processRequest()
#20 /Users/fermin/yii/Yii-examples/tutorial-yii/index.php(13): CApplication->run()
#21 {main}
REQUEST_URI=/tutorial-yii/index.php?r=site/prueba
---
2015/01/07 09:38:59 [error] [exception.CException] exception 'CException' with message 'Property "SiteController.assestsBase" is not defined.' in /Users/fermin/yii/yii-1.1.16.bca042/framework/base/CComponent.php:130
Stack trace:
#0 /Users/fermin/yii/Yii-examples/tutorial-yii/protected/views/layouts/main.php(23): CComponent->__get('assestsBase')
#1 /Users/fermin/yii/yii-1.1.16.bca042/framework/web/CBaseController.php(126): require('/Users/fermin/y...')
#2 /Users/fermin/yii/yii-1.1.16.bca042/framework/web/CBaseController.php(95): CBaseController->renderInternal('/Users/fermin/y...', Array, true)
#3 /Users/fermin/yii/yii-1.1.16.bca042/framework/web/widgets/CContentDecorator.php(76): CBaseController->renderFile('/Users/fermin/y...', Array, true)
#4 /Users/fermin/yii/yii-1.1.16.bca042/framework/web/widgets/CContentDecorator.php(54): CContentDecorator->decorate('<div id="conten...')
#5 /Users/fermin/yii/yii-1.1.16.bca042/framework/web/widgets/COutputProcessor.php(44): CContentDecorator->processOutput('<div id="conten...')
#6 /Users/fermin/yii/yii-1.1.16.bca042/framework/web/CBaseController.php(214): COutputProcessor->run()
#7 /Users/fermin/yii/yii-1.1.16.bca042/framework/web/CBaseController.php(308): CBaseController->endWidget('CContentDecorat...')
#8 /Users/fermin/yii/Yii-examples/tutorial-yii/protected/views/layouts/column1.php(6): CBaseController->endContent()
#9 /Users/fermin/yii/yii-1.1.16.bca042/framework/web/CBaseController.php(126): require('/Users/fermin/y...')
#10 /Users/fermin/yii/yii-1.1.16.bca042/framework/web/CBaseController.php(95): CBaseController->renderInternal('/Users/fermin/y...', Array, true)
#11 /Users/fermin/yii/yii-1.1.16.bca042/framework/web/CController.php(784): CBaseController->renderFile('/Users/fermin/y...', Array, true)
#12 /Users/fermin/yii/Yii-examples/tutorial-yii/protected/controllers/SiteController.php(120): CController->render('prueba')
#13 /Users/fermin/yii/yii-1.1.16.bca042/framework/web/actions/CInlineAction.php(49): SiteController->actionPrueba()
#14 /Users/fermin/yii/yii-1.1.16.bca042/framework/web/CController.php(308): CInlineAction->runWithParams(Array)
#15 /Users/fermin/yii/yii-1.1.16.bca042/framework/web/CController.php(286): CController->runAction(Object(CInlineAction))
#16 /Users/fermin/yii/yii-1.1.16.bca042/framework/web/CController.php(265): CController->runActionWithFilters(Object(CInlineAction), Array)
#17 /Users/fermin/yii/yii-1.1.16.bca042/framework/web/CWebApplication.php(282): CController->run('prueba')
#18 /Users/fermin/yii/yii-1.1.16.bca042/framework/web/CWebApplication.php(141): CWebApplication->runController('site/prueba')
#19 /Users/fermin/yii/yii-1.1.16.bca042/framework/base/CApplication.php(184): CWebApplication->processRequest()
#20 /Users/fermin/yii/Yii-examples/tutorial-yii/index.php(13): CApplication->run()
#21 {main}
REQUEST_URI=/tutorial-yii/index.php?r=site/prueba
---
2015/01/07 09:38:59 [error] [exception.CException] exception 'CException' with message 'Property "SiteController.assestsBase" is not defined.' in /Users/fermin/yii/yii-1.1.16.bca042/framework/base/CComponent.php:130
Stack trace:
#0 /Users/fermin/yii/Yii-examples/tutorial-yii/protected/views/layouts/main.php(23): CComponent->__get('assestsBase')
#1 /Users/fermin/yii/yii-1.1.16.bca042/framework/web/CBaseController.php(126): require('/Users/fermin/y...')
#2 /Users/fermin/yii/yii-1.1.16.bca042/framework/web/CBaseController.php(95): CBaseController->renderInternal('/Users/fermin/y...', Array, true)
#3 /Users/fermin/yii/yii-1.1.16.bca042/framework/web/widgets/CContentDecorator.php(76): CBaseController->renderFile('/Users/fermin/y...', Array, true)
#4 /Users/fermin/yii/yii-1.1.16.bca042/framework/web/widgets/CContentDecorator.php(54): CContentDecorator->decorate('<div id="conten...')
#5 /Users/fermin/yii/yii-1.1.16.bca042/framework/web/widgets/COutputProcessor.php(44): CContentDecorator->processOutput('<div id="conten...')
#6 /Users/fermin/yii/yii-1.1.16.bca042/framework/web/CBaseController.php(214): COutputProcessor->run()
#7 /Users/fermin/yii/yii-1.1.16.bca042/framework/web/CBaseController.php(308): CBaseController->endWidget('CContentDecorat...')
#8 /Users/fermin/yii/Yii-examples/tutorial-yii/protected/views/layouts/column1.php(6): CBaseController->endContent()
#9 /Users/fermin/yii/yii-1.1.16.bca042/framework/web/CBaseController.php(126): require('/Users/fermin/y...')
#10 /Users/fermin/yii/yii-1.1.16.bca042/framework/web/CBaseController.php(95): CBaseController->renderInternal('/Users/fermin/y...', Array, true)
#11 /Users/fermin/yii/yii-1.1.16.bca042/framework/web/CController.php(784): CBaseController->renderFile('/Users/fermin/y...', Array, true)
#12 /Users/fermin/yii/Yii-examples/tutorial-yii/protected/controllers/SiteController.php(120): CController->render('prueba')
#13 /Users/fermin/yii/yii-1.1.16.bca042/framework/web/actions/CInlineAction.php(49): SiteController->actionPrueba()
#14 /Users/fermin/yii/yii-1.1.16.bca042/framework/web/CController.php(308): CInlineAction->runWithParams(Array)
#15 /Users/fermin/yii/yii-1.1.16.bca042/framework/web/CController.php(286): CController->runAction(Object(CInlineAction))
#16 /Users/fermin/yii/yii-1.1.16.bca042/framework/web/CController.php(265): CController->runActionWithFilters(Object(CInlineAction), Array)
#17 /Users/fermin/yii/yii-1.1.16.bca042/framework/web/CWebApplication.php(282): CController->run('prueba')
#18 /Users/fermin/yii/yii-1.1.16.bca042/framework/web/CWebApplication.php(141): CWebApplication->runController('site/prueba')
#19 /Users/fermin/yii/yii-1.1.16.bca042/framework/base/CApplication.php(184): CWebApplication->processRequest()
#20 /Users/fermin/yii/Yii-examples/tutorial-yii/index.php(13): CApplication->run()
#21 {main}
REQUEST_URI=/tutorial-yii/index.php?r=site/prueba
---
2015/01/07 09:38:59 [error] [exception.CException] exception 'CException' with message 'Property "SiteController.assestsBase" is not defined.' in /Users/fermin/yii/yii-1.1.16.bca042/framework/base/CComponent.php:130
Stack trace:
#0 /Users/fermin/yii/Yii-examples/tutorial-yii/protected/views/layouts/main.php(23): CComponent->__get('assestsBase')
#1 /Users/fermin/yii/yii-1.1.16.bca042/framework/web/CBaseController.php(126): require('/Users/fermin/y...')
#2 /Users/fermin/yii/yii-1.1.16.bca042/framework/web/CBaseController.php(95): CBaseController->renderInternal('/Users/fermin/y...', Array, true)
#3 /Users/fermin/yii/yii-1.1.16.bca042/framework/web/widgets/CContentDecorator.php(76): CBaseController->renderFile('/Users/fermin/y...', Array, true)
#4 /Users/fermin/yii/yii-1.1.16.bca042/framework/web/widgets/CContentDecorator.php(54): CContentDecorator->decorate('<div id="conten...')
#5 /Users/fermin/yii/yii-1.1.16.bca042/framework/web/widgets/COutputProcessor.php(44): CContentDecorator->processOutput('<div id="conten...')
#6 /Users/fermin/yii/yii-1.1.16.bca042/framework/web/CBaseController.php(214): COutputProcessor->run()
#7 /Users/fermin/yii/yii-1.1.16.bca042/framework/web/CBaseController.php(308): CBaseController->endWidget('CContentDecorat...')
#8 /Users/fermin/yii/Yii-examples/tutorial-yii/protected/views/layouts/column1.php(6): CBaseController->endContent()
#9 /Users/fermin/yii/yii-1.1.16.bca042/framework/web/CBaseController.php(126): require('/Users/fermin/y...')
#10 /Users/fermin/yii/yii-1.1.16.bca042/framework/web/CBaseController.php(95): CBaseController->renderInternal('/Users/fermin/y...', Array, true)
#11 /Users/fermin/yii/yii-1.1.16.bca042/framework/web/CController.php(784): CBaseController->renderFile('/Users/fermin/y...', Array, true)
#12 /Users/fermin/yii/Yii-examples/tutorial-yii/protected/controllers/SiteController.php(120): CController->render('prueba')
#13 /Users/fermin/yii/yii-1.1.16.bca042/framework/web/actions/CInlineAction.php(49): SiteController->actionPrueba()
#14 /Users/fermin/yii/yii-1.1.16.bca042/framework/web/CController.php(308): CInlineAction->runWithParams(Array)
#15 /Users/fermin/yii/yii-1.1.16.bca042/framework/web/CController.php(286): CController->runAction(Object(CInlineAction))
#16 /Users/fermin/yii/yii-1.1.16.bca042/framework/web/CController.php(265): CController->runActionWithFilters(Object(CInlineAction), Array)
#17 /Users/fermin/yii/yii-1.1.16.bca042/framework/web/CWebApplication.php(282): CController->run('prueba')
#18 /Users/fermin/yii/yii-1.1.16.bca042/framework/web/CWebApplication.php(141): CWebApplication->runController('site/prueba')
#19 /Users/fermin/yii/yii-1.1.16.bca042/framework/base/CApplication.php(184): CWebApplication->processRequest()
#20 /Users/fermin/yii/Yii-examples/tutorial-yii/index.php(13): CApplication->run()
#21 {main}
REQUEST_URI=/tutorial-yii/index.php?r=site/prueba
---
2015/01/07 09:38:59 [error] [exception.CException] exception 'CException' with message 'Property "SiteController.assestsBase" is not defined.' in /Users/fermin/yii/yii-1.1.16.bca042/framework/base/CComponent.php:130
Stack trace:
#0 /Users/fermin/yii/Yii-examples/tutorial-yii/protected/views/layouts/main.php(23): CComponent->__get('assestsBase')
#1 /Users/fermin/yii/yii-1.1.16.bca042/framework/web/CBaseController.php(126): require('/Users/fermin/y...')
#2 /Users/fermin/yii/yii-1.1.16.bca042/framework/web/CBaseController.php(95): CBaseController->renderInternal('/Users/fermin/y...', Array, true)
#3 /Users/fermin/yii/yii-1.1.16.bca042/framework/web/widgets/CContentDecorator.php(76): CBaseController->renderFile('/Users/fermin/y...', Array, true)
#4 /Users/fermin/yii/yii-1.1.16.bca042/framework/web/widgets/CContentDecorator.php(54): CContentDecorator->decorate('<div id="conten...')
#5 /Users/fermin/yii/yii-1.1.16.bca042/framework/web/widgets/COutputProcessor.php(44): CContentDecorator->processOutput('<div id="conten...')
#6 /Users/fermin/yii/yii-1.1.16.bca042/framework/web/CBaseController.php(214): COutputProcessor->run()
#7 /Users/fermin/yii/yii-1.1.16.bca042/framework/web/CBaseController.php(308): CBaseController->endWidget('CContentDecorat...')
#8 /Users/fermin/yii/Yii-examples/tutorial-yii/protected/views/layouts/column1.php(6): CBaseController->endContent()
#9 /Users/fermin/yii/yii-1.1.16.bca042/framework/web/CBaseController.php(126): require('/Users/fermin/y...')
#10 /Users/fermin/yii/yii-1.1.16.bca042/framework/web/CBaseController.php(95): CBaseController->renderInternal('/Users/fermin/y...', Array, true)
#11 /Users/fermin/yii/yii-1.1.16.bca042/framework/web/CController.php(784): CBaseController->renderFile('/Users/fermin/y...', Array, true)
#12 /Users/fermin/yii/Yii-examples/tutorial-yii/protected/controllers/SiteController.php(120): CController->render('prueba')
#13 /Users/fermin/yii/yii-1.1.16.bca042/framework/web/actions/CInlineAction.php(49): SiteController->actionPrueba()
#14 /Users/fermin/yii/yii-1.1.16.bca042/framework/web/CController.php(308): CInlineAction->runWithParams(Array)
#15 /Users/fermin/yii/yii-1.1.16.bca042/framework/web/CController.php(286): CController->runAction(Object(CInlineAction))
#16 /Users/fermin/yii/yii-1.1.16.bca042/framework/web/CController.php(265): CController->runActionWithFilters(Object(CInlineAction), Array)
#17 /Users/fermin/yii/yii-1.1.16.bca042/framework/web/CWebApplication.php(282): CController->run('prueba')
#18 /Users/fermin/yii/yii-1.1.16.bca042/framework/web/CWebApplication.php(141): CWebApplication->runController('site/prueba')
#19 /Users/fermin/yii/yii-1.1.16.bca042/framework/base/CApplication.php(184): CWebApplication->processRequest()
#20 /Users/fermin/yii/Yii-examples/tutorial-yii/index.php(13): CApplication->run()
#21 {main}
REQUEST_URI=/tutorial-yii/index.php?r=site/prueba
---
2015/01/07 09:39:00 [error] [exception.CException] exception 'CException' with message 'Property "SiteController.assestsBase" is not defined.' in /Users/fermin/yii/yii-1.1.16.bca042/framework/base/CComponent.php:130
Stack trace:
#0 /Users/fermin/yii/Yii-examples/tutorial-yii/protected/views/layouts/main.php(23): CComponent->__get('assestsBase')
#1 /Users/fermin/yii/yii-1.1.16.bca042/framework/web/CBaseController.php(126): require('/Users/fermin/y...')
#2 /Users/fermin/yii/yii-1.1.16.bca042/framework/web/CBaseController.php(95): CBaseController->renderInternal('/Users/fermin/y...', Array, true)
#3 /Users/fermin/yii/yii-1.1.16.bca042/framework/web/widgets/CContentDecorator.php(76): CBaseController->renderFile('/Users/fermin/y...', Array, true)
#4 /Users/fermin/yii/yii-1.1.16.bca042/framework/web/widgets/CContentDecorator.php(54): CContentDecorator->decorate('<div id="conten...')
#5 /Users/fermin/yii/yii-1.1.16.bca042/framework/web/widgets/COutputProcessor.php(44): CContentDecorator->processOutput('<div id="conten...')
#6 /Users/fermin/yii/yii-1.1.16.bca042/framework/web/CBaseController.php(214): COutputProcessor->run()
#7 /Users/fermin/yii/yii-1.1.16.bca042/framework/web/CBaseController.php(308): CBaseController->endWidget('CContentDecorat...')
#8 /Users/fermin/yii/Yii-examples/tutorial-yii/protected/views/layouts/column1.php(6): CBaseController->endContent()
#9 /Users/fermin/yii/yii-1.1.16.bca042/framework/web/CBaseController.php(126): require('/Users/fermin/y...')
#10 /Users/fermin/yii/yii-1.1.16.bca042/framework/web/CBaseController.php(95): CBaseController->renderInternal('/Users/fermin/y...', Array, true)
#11 /Users/fermin/yii/yii-1.1.16.bca042/framework/web/CController.php(784): CBaseController->renderFile('/Users/fermin/y...', Array, true)
#12 /Users/fermin/yii/Yii-examples/tutorial-yii/protected/controllers/SiteController.php(120): CController->render('prueba')
#13 /Users/fermin/yii/yii-1.1.16.bca042/framework/web/actions/CInlineAction.php(49): SiteController->actionPrueba()
#14 /Users/fermin/yii/yii-1.1.16.bca042/framework/web/CController.php(308): CInlineAction->runWithParams(Array)
#15 /Users/fermin/yii/yii-1.1.16.bca042/framework/web/CController.php(286): CController->runAction(Object(CInlineAction))
#16 /Users/fermin/yii/yii-1.1.16.bca042/framework/web/CController.php(265): CController->runActionWithFilters(Object(CInlineAction), Array)
#17 /Users/fermin/yii/yii-1.1.16.bca042/framework/web/CWebApplication.php(282): CController->run('prueba')
#18 /Users/fermin/yii/yii-1.1.16.bca042/framework/web/CWebApplication.php(141): CWebApplication->runController('site/prueba')
#19 /Users/fermin/yii/yii-1.1.16.bca042/framework/base/CApplication.php(184): CWebApplication->processRequest()
#20 /Users/fermin/yii/Yii-examples/tutorial-yii/index.php(13): CApplication->run()
#21 {main}
REQUEST_URI=/tutorial-yii/index.php?r=site/prueba
---
2015/01/07 09:39:00 [error] [exception.CException] exception 'CException' with message 'Property "SiteController.assestsBase" is not defined.' in /Users/fermin/yii/yii-1.1.16.bca042/framework/base/CComponent.php:130
Stack trace:
#0 /Users/fermin/yii/Yii-examples/tutorial-yii/protected/views/layouts/main.php(23): CComponent->__get('assestsBase')
#1 /Users/fermin/yii/yii-1.1.16.bca042/framework/web/CBaseController.php(126): require('/Users/fermin/y...')
#2 /Users/fermin/yii/yii-1.1.16.bca042/framework/web/CBaseController.php(95): CBaseController->renderInternal('/Users/fermin/y...', Array, true)
#3 /Users/fermin/yii/yii-1.1.16.bca042/framework/web/widgets/CContentDecorator.php(76): CBaseController->renderFile('/Users/fermin/y...', Array, true)
#4 /Users/fermin/yii/yii-1.1.16.bca042/framework/web/widgets/CContentDecorator.php(54): CContentDecorator->decorate('<div id="conten...')
#5 /Users/fermin/yii/yii-1.1.16.bca042/framework/web/widgets/COutputProcessor.php(44): CContentDecorator->processOutput('<div id="conten...')
#6 /Users/fermin/yii/yii-1.1.16.bca042/framework/web/CBaseController.php(214): COutputProcessor->run()
#7 /Users/fermin/yii/yii-1.1.16.bca042/framework/web/CBaseController.php(308): CBaseController->endWidget('CContentDecorat...')
#8 /Users/fermin/yii/Yii-examples/tutorial-yii/protected/views/layouts/column1.php(6): CBaseController->endContent()
#9 /Users/fermin/yii/yii-1.1.16.bca042/framework/web/CBaseController.php(126): require('/Users/fermin/y...')
#10 /Users/fermin/yii/yii-1.1.16.bca042/framework/web/CBaseController.php(95): CBaseController->renderInternal('/Users/fermin/y...', Array, true)
#11 /Users/fermin/yii/yii-1.1.16.bca042/framework/web/CController.php(784): CBaseController->renderFile('/Users/fermin/y...', Array, true)
#12 /Users/fermin/yii/Yii-examples/tutorial-yii/protected/controllers/SiteController.php(120): CController->render('prueba')
#13 /Users/fermin/yii/yii-1.1.16.bca042/framework/web/actions/CInlineAction.php(49): SiteController->actionPrueba()
#14 /Users/fermin/yii/yii-1.1.16.bca042/framework/web/CController.php(308): CInlineAction->runWithParams(Array)
#15 /Users/fermin/yii/yii-1.1.16.bca042/framework/web/CController.php(286): CController->runAction(Object(CInlineAction))
#16 /Users/fermin/yii/yii-1.1.16.bca042/framework/web/CController.php(265): CController->runActionWithFilters(Object(CInlineAction), Array)
#17 /Users/fermin/yii/yii-1.1.16.bca042/framework/web/CWebApplication.php(282): CController->run('prueba')
#18 /Users/fermin/yii/yii-1.1.16.bca042/framework/web/CWebApplication.php(141): CWebApplication->runController('site/prueba')
#19 /Users/fermin/yii/yii-1.1.16.bca042/framework/base/CApplication.php(184): CWebApplication->processRequest()
#20 /Users/fermin/yii/Yii-examples/tutorial-yii/index.php(13): CApplication->run()
#21 {main}
REQUEST_URI=/tutorial-yii/index.php?r=site/prueba
---
2015/01/07 09:39:00 [error] [exception.CException] exception 'CException' with message 'Property "SiteController.assestsBase" is not defined.' in /Users/fermin/yii/yii-1.1.16.bca042/framework/base/CComponent.php:130
Stack trace:
#0 /Users/fermin/yii/Yii-examples/tutorial-yii/protected/views/layouts/main.php(23): CComponent->__get('assestsBase')
#1 /Users/fermin/yii/yii-1.1.16.bca042/framework/web/CBaseController.php(126): require('/Users/fermin/y...')
#2 /Users/fermin/yii/yii-1.1.16.bca042/framework/web/CBaseController.php(95): CBaseController->renderInternal('/Users/fermin/y...', Array, true)
#3 /Users/fermin/yii/yii-1.1.16.bca042/framework/web/widgets/CContentDecorator.php(76): CBaseController->renderFile('/Users/fermin/y...', Array, true)
#4 /Users/fermin/yii/yii-1.1.16.bca042/framework/web/widgets/CContentDecorator.php(54): CContentDecorator->decorate('<div id="conten...')
#5 /Users/fermin/yii/yii-1.1.16.bca042/framework/web/widgets/COutputProcessor.php(44): CContentDecorator->processOutput('<div id="conten...')
#6 /Users/fermin/yii/yii-1.1.16.bca042/framework/web/CBaseController.php(214): COutputProcessor->run()
#7 /Users/fermin/yii/yii-1.1.16.bca042/framework/web/CBaseController.php(308): CBaseController->endWidget('CContentDecorat...')
#8 /Users/fermin/yii/Yii-examples/tutorial-yii/protected/views/layouts/column1.php(6): CBaseController->endContent()
#9 /Users/fermin/yii/yii-1.1.16.bca042/framework/web/CBaseController.php(126): require('/Users/fermin/y...')
#10 /Users/fermin/yii/yii-1.1.16.bca042/framework/web/CBaseController.php(95): CBaseController->renderInternal('/Users/fermin/y...', Array, true)
#11 /Users/fermin/yii/yii-1.1.16.bca042/framework/web/CController.php(784): CBaseController->renderFile('/Users/fermin/y...', Array, true)
#12 /Users/fermin/yii/Yii-examples/tutorial-yii/protected/controllers/SiteController.php(120): CController->render('prueba')
#13 /Users/fermin/yii/yii-1.1.16.bca042/framework/web/actions/CInlineAction.php(49): SiteController->actionPrueba()
#14 /Users/fermin/yii/yii-1.1.16.bca042/framework/web/CController.php(308): CInlineAction->runWithParams(Array)
#15 /Users/fermin/yii/yii-1.1.16.bca042/framework/web/CController.php(286): CController->runAction(Object(CInlineAction))
#16 /Users/fermin/yii/yii-1.1.16.bca042/framework/web/CController.php(265): CController->runActionWithFilters(Object(CInlineAction), Array)
#17 /Users/fermin/yii/yii-1.1.16.bca042/framework/web/CWebApplication.php(282): CController->run('prueba')
#18 /Users/fermin/yii/yii-1.1.16.bca042/framework/web/CWebApplication.php(141): CWebApplication->runController('site/prueba')
#19 /Users/fermin/yii/yii-1.1.16.bca042/framework/base/CApplication.php(184): CWebApplication->processRequest()
#20 /Users/fermin/yii/Yii-examples/tutorial-yii/index.php(13): CApplication->run()
#21 {main}
REQUEST_URI=/tutorial-yii/index.php?r=site/prueba
---
2015/01/07 09:39:00 [error] [exception.CException] exception 'CException' with message 'Property "SiteController.assestsBase" is not defined.' in /Users/fermin/yii/yii-1.1.16.bca042/framework/base/CComponent.php:130
Stack trace:
#0 /Users/fermin/yii/Yii-examples/tutorial-yii/protected/views/layouts/main.php(23): CComponent->__get('assestsBase')
#1 /Users/fermin/yii/yii-1.1.16.bca042/framework/web/CBaseController.php(126): require('/Users/fermin/y...')
#2 /Users/fermin/yii/yii-1.1.16.bca042/framework/web/CBaseController.php(95): CBaseController->renderInternal('/Users/fermin/y...', Array, true)
#3 /Users/fermin/yii/yii-1.1.16.bca042/framework/web/widgets/CContentDecorator.php(76): CBaseController->renderFile('/Users/fermin/y...', Array, true)
#4 /Users/fermin/yii/yii-1.1.16.bca042/framework/web/widgets/CContentDecorator.php(54): CContentDecorator->decorate('<div id="conten...')
#5 /Users/fermin/yii/yii-1.1.16.bca042/framework/web/widgets/COutputProcessor.php(44): CContentDecorator->processOutput('<div id="conten...')
#6 /Users/fermin/yii/yii-1.1.16.bca042/framework/web/CBaseController.php(214): COutputProcessor->run()
#7 /Users/fermin/yii/yii-1.1.16.bca042/framework/web/CBaseController.php(308): CBaseController->endWidget('CContentDecorat...')
#8 /Users/fermin/yii/Yii-examples/tutorial-yii/protected/views/layouts/column1.php(6): CBaseController->endContent()
#9 /Users/fermin/yii/yii-1.1.16.bca042/framework/web/CBaseController.php(126): require('/Users/fermin/y...')
#10 /Users/fermin/yii/yii-1.1.16.bca042/framework/web/CBaseController.php(95): CBaseController->renderInternal('/Users/fermin/y...', Array, true)
#11 /Users/fermin/yii/yii-1.1.16.bca042/framework/web/CController.php(784): CBaseController->renderFile('/Users/fermin/y...', Array, true)
#12 /Users/fermin/yii/Yii-examples/tutorial-yii/protected/controllers/SiteController.php(120): CController->render('prueba')
#13 /Users/fermin/yii/yii-1.1.16.bca042/framework/web/actions/CInlineAction.php(49): SiteController->actionPrueba()
#14 /Users/fermin/yii/yii-1.1.16.bca042/framework/web/CController.php(308): CInlineAction->runWithParams(Array)
#15 /Users/fermin/yii/yii-1.1.16.bca042/framework/web/CController.php(286): CController->runAction(Object(CInlineAction))
#16 /Users/fermin/yii/yii-1.1.16.bca042/framework/web/CController.php(265): CController->runActionWithFilters(Object(CInlineAction), Array)
#17 /Users/fermin/yii/yii-1.1.16.bca042/framework/web/CWebApplication.php(282): CController->run('prueba')
#18 /Users/fermin/yii/yii-1.1.16.bca042/framework/web/CWebApplication.php(141): CWebApplication->runController('site/prueba')
#19 /Users/fermin/yii/yii-1.1.16.bca042/framework/base/CApplication.php(184): CWebApplication->processRequest()
#20 /Users/fermin/yii/Yii-examples/tutorial-yii/index.php(13): CApplication->run()
#21 {main}
REQUEST_URI=/tutorial-yii/index.php?r=site/prueba
---
2015/01/07 09:39:22 [error] [exception.CException] exception 'CException' with message 'Property "SiteController.assetsUrl" is not defined.' in /Users/fermin/yii/yii-1.1.16.bca042/framework/base/CComponent.php:130
Stack trace:
#0 /Users/fermin/yii/Yii-examples/tutorial-yii/protected/views/layouts/main.php(23): CComponent->__get('assetsUrl')
#1 /Users/fermin/yii/yii-1.1.16.bca042/framework/web/CBaseController.php(126): require('/Users/fermin/y...')
#2 /Users/fermin/yii/yii-1.1.16.bca042/framework/web/CBaseController.php(95): CBaseController->renderInternal('/Users/fermin/y...', Array, true)
#3 /Users/fermin/yii/yii-1.1.16.bca042/framework/web/widgets/CContentDecorator.php(76): CBaseController->renderFile('/Users/fermin/y...', Array, true)
#4 /Users/fermin/yii/yii-1.1.16.bca042/framework/web/widgets/CContentDecorator.php(54): CContentDecorator->decorate('<div id="conten...')
#5 /Users/fermin/yii/yii-1.1.16.bca042/framework/web/widgets/COutputProcessor.php(44): CContentDecorator->processOutput('<div id="conten...')
#6 /Users/fermin/yii/yii-1.1.16.bca042/framework/web/CBaseController.php(214): COutputProcessor->run()
#7 /Users/fermin/yii/yii-1.1.16.bca042/framework/web/CBaseController.php(308): CBaseController->endWidget('CContentDecorat...')
#8 /Users/fermin/yii/Yii-examples/tutorial-yii/protected/views/layouts/column1.php(6): CBaseController->endContent()
#9 /Users/fermin/yii/yii-1.1.16.bca042/framework/web/CBaseController.php(126): require('/Users/fermin/y...')
#10 /Users/fermin/yii/yii-1.1.16.bca042/framework/web/CBaseController.php(95): CBaseController->renderInternal('/Users/fermin/y...', Array, true)
#11 /Users/fermin/yii/yii-1.1.16.bca042/framework/web/CController.php(784): CBaseController->renderFile('/Users/fermin/y...', Array, true)
#12 /Users/fermin/yii/Yii-examples/tutorial-yii/protected/controllers/SiteController.php(120): CController->render('prueba')
#13 /Users/fermin/yii/yii-1.1.16.bca042/framework/web/actions/CInlineAction.php(49): SiteController->actionPrueba()
#14 /Users/fermin/yii/yii-1.1.16.bca042/framework/web/CController.php(308): CInlineAction->runWithParams(Array)
#15 /Users/fermin/yii/yii-1.1.16.bca042/framework/web/CController.php(286): CController->runAction(Object(CInlineAction))
#16 /Users/fermin/yii/yii-1.1.16.bca042/framework/web/CController.php(265): CController->runActionWithFilters(Object(CInlineAction), Array)
#17 /Users/fermin/yii/yii-1.1.16.bca042/framework/web/CWebApplication.php(282): CController->run('prueba')
#18 /Users/fermin/yii/yii-1.1.16.bca042/framework/web/CWebApplication.php(141): CWebApplication->runController('site/prueba')
#19 /Users/fermin/yii/yii-1.1.16.bca042/framework/base/CApplication.php(184): CWebApplication->processRequest()
#20 /Users/fermin/yii/Yii-examples/tutorial-yii/index.php(13): CApplication->run()
#21 {main}
REQUEST_URI=/tutorial-yii/index.php?r=site/prueba
---
2015/01/07 09:39:23 [error] [exception.CException] exception 'CException' with message 'Property "SiteController.assetsUrl" is not defined.' in /Users/fermin/yii/yii-1.1.16.bca042/framework/base/CComponent.php:130
Stack trace:
#0 /Users/fermin/yii/Yii-examples/tutorial-yii/protected/views/layouts/main.php(23): CComponent->__get('assetsUrl')
#1 /Users/fermin/yii/yii-1.1.16.bca042/framework/web/CBaseController.php(126): require('/Users/fermin/y...')
#2 /Users/fermin/yii/yii-1.1.16.bca042/framework/web/CBaseController.php(95): CBaseController->renderInternal('/Users/fermin/y...', Array, true)
#3 /Users/fermin/yii/yii-1.1.16.bca042/framework/web/widgets/CContentDecorator.php(76): CBaseController->renderFile('/Users/fermin/y...', Array, true)
#4 /Users/fermin/yii/yii-1.1.16.bca042/framework/web/widgets/CContentDecorator.php(54): CContentDecorator->decorate('<div id="conten...')
#5 /Users/fermin/yii/yii-1.1.16.bca042/framework/web/widgets/COutputProcessor.php(44): CContentDecorator->processOutput('<div id="conten...')
#6 /Users/fermin/yii/yii-1.1.16.bca042/framework/web/CBaseController.php(214): COutputProcessor->run()
#7 /Users/fermin/yii/yii-1.1.16.bca042/framework/web/CBaseController.php(308): CBaseController->endWidget('CContentDecorat...')
#8 /Users/fermin/yii/Yii-examples/tutorial-yii/protected/views/layouts/column1.php(6): CBaseController->endContent()
#9 /Users/fermin/yii/yii-1.1.16.bca042/framework/web/CBaseController.php(126): require('/Users/fermin/y...')
#10 /Users/fermin/yii/yii-1.1.16.bca042/framework/web/CBaseController.php(95): CBaseController->renderInternal('/Users/fermin/y...', Array, true)
#11 /Users/fermin/yii/yii-1.1.16.bca042/framework/web/CController.php(784): CBaseController->renderFile('/Users/fermin/y...', Array, true)
#12 /Users/fermin/yii/Yii-examples/tutorial-yii/protected/controllers/SiteController.php(120): CController->render('prueba')
#13 /Users/fermin/yii/yii-1.1.16.bca042/framework/web/actions/CInlineAction.php(49): SiteController->actionPrueba()
#14 /Users/fermin/yii/yii-1.1.16.bca042/framework/web/CController.php(308): CInlineAction->runWithParams(Array)
#15 /Users/fermin/yii/yii-1.1.16.bca042/framework/web/CController.php(286): CController->runAction(Object(CInlineAction))
#16 /Users/fermin/yii/yii-1.1.16.bca042/framework/web/CController.php(265): CController->runActionWithFilters(Object(CInlineAction), Array)
#17 /Users/fermin/yii/yii-1.1.16.bca042/framework/web/CWebApplication.php(282): CController->run('prueba')
#18 /Users/fermin/yii/yii-1.1.16.bca042/framework/web/CWebApplication.php(141): CWebApplication->runController('site/prueba')
#19 /Users/fermin/yii/yii-1.1.16.bca042/framework/base/CApplication.php(184): CWebApplication->processRequest()
#20 /Users/fermin/yii/Yii-examples/tutorial-yii/index.php(13): CApplication->run()
#21 {main}
REQUEST_URI=/tutorial-yii/index.php?r=site/prueba
---
2015/01/07 09:39:23 [error] [exception.CException] exception 'CException' with message 'Property "SiteController.assetsUrl" is not defined.' in /Users/fermin/yii/yii-1.1.16.bca042/framework/base/CComponent.php:130
Stack trace:
#0 /Users/fermin/yii/Yii-examples/tutorial-yii/protected/views/layouts/main.php(23): CComponent->__get('assetsUrl')
#1 /Users/fermin/yii/yii-1.1.16.bca042/framework/web/CBaseController.php(126): require('/Users/fermin/y...')
#2 /Users/fermin/yii/yii-1.1.16.bca042/framework/web/CBaseController.php(95): CBaseController->renderInternal('/Users/fermin/y...', Array, true)
#3 /Users/fermin/yii/yii-1.1.16.bca042/framework/web/widgets/CContentDecorator.php(76): CBaseController->renderFile('/Users/fermin/y...', Array, true)
#4 /Users/fermin/yii/yii-1.1.16.bca042/framework/web/widgets/CContentDecorator.php(54): CContentDecorator->decorate('<div id="conten...')
#5 /Users/fermin/yii/yii-1.1.16.bca042/framework/web/widgets/COutputProcessor.php(44): CContentDecorator->processOutput('<div id="conten...')
#6 /Users/fermin/yii/yii-1.1.16.bca042/framework/web/CBaseController.php(214): COutputProcessor->run()
#7 /Users/fermin/yii/yii-1.1.16.bca042/framework/web/CBaseController.php(308): CBaseController->endWidget('CContentDecorat...')
#8 /Users/fermin/yii/Yii-examples/tutorial-yii/protected/views/layouts/column1.php(6): CBaseController->endContent()
#9 /Users/fermin/yii/yii-1.1.16.bca042/framework/web/CBaseController.php(126): require('/Users/fermin/y...')
#10 /Users/fermin/yii/yii-1.1.16.bca042/framework/web/CBaseController.php(95): CBaseController->renderInternal('/Users/fermin/y...', Array, true)
#11 /Users/fermin/yii/yii-1.1.16.bca042/framework/web/CController.php(784): CBaseController->renderFile('/Users/fermin/y...', Array, true)
#12 /Users/fermin/yii/Yii-examples/tutorial-yii/protected/controllers/SiteController.php(120): CController->render('prueba')
#13 /Users/fermin/yii/yii-1.1.16.bca042/framework/web/actions/CInlineAction.php(49): SiteController->actionPrueba()
#14 /Users/fermin/yii/yii-1.1.16.bca042/framework/web/CController.php(308): CInlineAction->runWithParams(Array)
#15 /Users/fermin/yii/yii-1.1.16.bca042/framework/web/CController.php(286): CController->runAction(Object(CInlineAction))
#16 /Users/fermin/yii/yii-1.1.16.bca042/framework/web/CController.php(265): CController->runActionWithFilters(Object(CInlineAction), Array)
#17 /Users/fermin/yii/yii-1.1.16.bca042/framework/web/CWebApplication.php(282): CController->run('prueba')
#18 /Users/fermin/yii/yii-1.1.16.bca042/framework/web/CWebApplication.php(141): CWebApplication->runController('site/prueba')
#19 /Users/fermin/yii/yii-1.1.16.bca042/framework/base/CApplication.php(184): CWebApplication->processRequest()
#20 /Users/fermin/yii/Yii-examples/tutorial-yii/index.php(13): CApplication->run()
#21 {main}
REQUEST_URI=/tutorial-yii/index.php?r=site/prueba
---
2015/01/07 09:39:23 [error] [exception.CException] exception 'CException' with message 'Property "SiteController.assetsUrl" is not defined.' in /Users/fermin/yii/yii-1.1.16.bca042/framework/base/CComponent.php:130
Stack trace:
#0 /Users/fermin/yii/Yii-examples/tutorial-yii/protected/views/layouts/main.php(23): CComponent->__get('assetsUrl')
#1 /Users/fermin/yii/yii-1.1.16.bca042/framework/web/CBaseController.php(126): require('/Users/fermin/y...')
#2 /Users/fermin/yii/yii-1.1.16.bca042/framework/web/CBaseController.php(95): CBaseController->renderInternal('/Users/fermin/y...', Array, true)
#3 /Users/fermin/yii/yii-1.1.16.bca042/framework/web/widgets/CContentDecorator.php(76): CBaseController->renderFile('/Users/fermin/y...', Array, true)
#4 /Users/fermin/yii/yii-1.1.16.bca042/framework/web/widgets/CContentDecorator.php(54): CContentDecorator->decorate('<div id="conten...')
#5 /Users/fermin/yii/yii-1.1.16.bca042/framework/web/widgets/COutputProcessor.php(44): CContentDecorator->processOutput('<div id="conten...')
#6 /Users/fermin/yii/yii-1.1.16.bca042/framework/web/CBaseController.php(214): COutputProcessor->run()
#7 /Users/fermin/yii/yii-1.1.16.bca042/framework/web/CBaseController.php(308): CBaseController->endWidget('CContentDecorat...')
#8 /Users/fermin/yii/Yii-examples/tutorial-yii/protected/views/layouts/column1.php(6): CBaseController->endContent()
#9 /Users/fermin/yii/yii-1.1.16.bca042/framework/web/CBaseController.php(126): require('/Users/fermin/y...')
#10 /Users/fermin/yii/yii-1.1.16.bca042/framework/web/CBaseController.php(95): CBaseController->renderInternal('/Users/fermin/y...', Array, true)
#11 /Users/fermin/yii/yii-1.1.16.bca042/framework/web/CController.php(784): CBaseController->renderFile('/Users/fermin/y...', Array, true)
#12 /Users/fermin/yii/Yii-examples/tutorial-yii/protected/controllers/SiteController.php(120): CController->render('prueba')
#13 /Users/fermin/yii/yii-1.1.16.bca042/framework/web/actions/CInlineAction.php(49): SiteController->actionPrueba()
#14 /Users/fermin/yii/yii-1.1.16.bca042/framework/web/CController.php(308): CInlineAction->runWithParams(Array)
#15 /Users/fermin/yii/yii-1.1.16.bca042/framework/web/CController.php(286): CController->runAction(Object(CInlineAction))
#16 /Users/fermin/yii/yii-1.1.16.bca042/framework/web/CController.php(265): CController->runActionWithFilters(Object(CInlineAction), Array)
#17 /Users/fermin/yii/yii-1.1.16.bca042/framework/web/CWebApplication.php(282): CController->run('prueba')
#18 /Users/fermin/yii/yii-1.1.16.bca042/framework/web/CWebApplication.php(141): CWebApplication->runController('site/prueba')
#19 /Users/fermin/yii/yii-1.1.16.bca042/framework/base/CApplication.php(184): CWebApplication->processRequest()
#20 /Users/fermin/yii/Yii-examples/tutorial-yii/index.php(13): CApplication->run()
#21 {main}
REQUEST_URI=/tutorial-yii/index.php?r=site/prueba
---
2015/01/07 09:39:23 [error] [exception.CException] exception 'CException' with message 'Property "SiteController.assetsUrl" is not defined.' in /Users/fermin/yii/yii-1.1.16.bca042/framework/base/CComponent.php:130
Stack trace:
#0 /Users/fermin/yii/Yii-examples/tutorial-yii/protected/views/layouts/main.php(23): CComponent->__get('assetsUrl')
#1 /Users/fermin/yii/yii-1.1.16.bca042/framework/web/CBaseController.php(126): require('/Users/fermin/y...')
#2 /Users/fermin/yii/yii-1.1.16.bca042/framework/web/CBaseController.php(95): CBaseController->renderInternal('/Users/fermin/y...', Array, true)
#3 /Users/fermin/yii/yii-1.1.16.bca042/framework/web/widgets/CContentDecorator.php(76): CBaseController->renderFile('/Users/fermin/y...', Array, true)
#4 /Users/fermin/yii/yii-1.1.16.bca042/framework/web/widgets/CContentDecorator.php(54): CContentDecorator->decorate('<div id="conten...')
#5 /Users/fermin/yii/yii-1.1.16.bca042/framework/web/widgets/COutputProcessor.php(44): CContentDecorator->processOutput('<div id="conten...')
#6 /Users/fermin/yii/yii-1.1.16.bca042/framework/web/CBaseController.php(214): COutputProcessor->run()
#7 /Users/fermin/yii/yii-1.1.16.bca042/framework/web/CBaseController.php(308): CBaseController->endWidget('CContentDecorat...')
#8 /Users/fermin/yii/Yii-examples/tutorial-yii/protected/views/layouts/column1.php(6): CBaseController->endContent()
#9 /Users/fermin/yii/yii-1.1.16.bca042/framework/web/CBaseController.php(126): require('/Users/fermin/y...')
#10 /Users/fermin/yii/yii-1.1.16.bca042/framework/web/CBaseController.php(95): CBaseController->renderInternal('/Users/fermin/y...', Array, true)
#11 /Users/fermin/yii/yii-1.1.16.bca042/framework/web/CController.php(784): CBaseController->renderFile('/Users/fermin/y...', Array, true)
#12 /Users/fermin/yii/Yii-examples/tutorial-yii/protected/controllers/SiteController.php(120): CController->render('prueba')
#13 /Users/fermin/yii/yii-1.1.16.bca042/framework/web/actions/CInlineAction.php(49): SiteController->actionPrueba()
#14 /Users/fermin/yii/yii-1.1.16.bca042/framework/web/CController.php(308): CInlineAction->runWithParams(Array)
#15 /Users/fermin/yii/yii-1.1.16.bca042/framework/web/CController.php(286): CController->runAction(Object(CInlineAction))
#16 /Users/fermin/yii/yii-1.1.16.bca042/framework/web/CController.php(265): CController->runActionWithFilters(Object(CInlineAction), Array)
#17 /Users/fermin/yii/yii-1.1.16.bca042/framework/web/CWebApplication.php(282): CController->run('prueba')
#18 /Users/fermin/yii/yii-1.1.16.bca042/framework/web/CWebApplication.php(141): CWebApplication->runController('site/prueba')
#19 /Users/fermin/yii/yii-1.1.16.bca042/framework/base/CApplication.php(184): CWebApplication->processRequest()
#20 /Users/fermin/yii/Yii-examples/tutorial-yii/index.php(13): CApplication->run()
#21 {main}
REQUEST_URI=/tutorial-yii/index.php?r=site/prueba
---
2015/01/07 09:39:23 [error] [exception.CException] exception 'CException' with message 'Property "SiteController.assetsUrl" is not defined.' in /Users/fermin/yii/yii-1.1.16.bca042/framework/base/CComponent.php:130
Stack trace:
#0 /Users/fermin/yii/Yii-examples/tutorial-yii/protected/views/layouts/main.php(23): CComponent->__get('assetsUrl')
#1 /Users/fermin/yii/yii-1.1.16.bca042/framework/web/CBaseController.php(126): require('/Users/fermin/y...')
#2 /Users/fermin/yii/yii-1.1.16.bca042/framework/web/CBaseController.php(95): CBaseController->renderInternal('/Users/fermin/y...', Array, true)
#3 /Users/fermin/yii/yii-1.1.16.bca042/framework/web/widgets/CContentDecorator.php(76): CBaseController->renderFile('/Users/fermin/y...', Array, true)
#4 /Users/fermin/yii/yii-1.1.16.bca042/framework/web/widgets/CContentDecorator.php(54): CContentDecorator->decorate('<div id="conten...')
#5 /Users/fermin/yii/yii-1.1.16.bca042/framework/web/widgets/COutputProcessor.php(44): CContentDecorator->processOutput('<div id="conten...')
#6 /Users/fermin/yii/yii-1.1.16.bca042/framework/web/CBaseController.php(214): COutputProcessor->run()
#7 /Users/fermin/yii/yii-1.1.16.bca042/framework/web/CBaseController.php(308): CBaseController->endWidget('CContentDecorat...')
#8 /Users/fermin/yii/Yii-examples/tutorial-yii/protected/views/layouts/column1.php(6): CBaseController->endContent()
#9 /Users/fermin/yii/yii-1.1.16.bca042/framework/web/CBaseController.php(126): require('/Users/fermin/y...')
#10 /Users/fermin/yii/yii-1.1.16.bca042/framework/web/CBaseController.php(95): CBaseController->renderInternal('/Users/fermin/y...', Array, true)
#11 /Users/fermin/yii/yii-1.1.16.bca042/framework/web/CController.php(784): CBaseController->renderFile('/Users/fermin/y...', Array, true)
#12 /Users/fermin/yii/Yii-examples/tutorial-yii/protected/controllers/SiteController.php(120): CController->render('prueba')
#13 /Users/fermin/yii/yii-1.1.16.bca042/framework/web/actions/CInlineAction.php(49): SiteController->actionPrueba()
#14 /Users/fermin/yii/yii-1.1.16.bca042/framework/web/CController.php(308): CInlineAction->runWithParams(Array)
#15 /Users/fermin/yii/yii-1.1.16.bca042/framework/web/CController.php(286): CController->runAction(Object(CInlineAction))
#16 /Users/fermin/yii/yii-1.1.16.bca042/framework/web/CController.php(265): CController->runActionWithFilters(Object(CInlineAction), Array)
#17 /Users/fermin/yii/yii-1.1.16.bca042/framework/web/CWebApplication.php(282): CController->run('prueba')
#18 /Users/fermin/yii/yii-1.1.16.bca042/framework/web/CWebApplication.php(141): CWebApplication->runController('site/prueba')
#19 /Users/fermin/yii/yii-1.1.16.bca042/framework/base/CApplication.php(184): CWebApplication->processRequest()
#20 /Users/fermin/yii/Yii-examples/tutorial-yii/index.php(13): CApplication->run()
#21 {main}
REQUEST_URI=/tutorial-yii/index.php?r=site/prueba
---
2015/01/07 10:08:55 [error] [exception.CHttpException.404] exception 'CHttpException' with message 'The requested view "articulo-1" was not found.' in /Users/fermin/yii/yii-1.1.16.bca042/framework/web/actions/CViewAction.php:112
Stack trace:
#0 /Users/fermin/yii/yii-1.1.16.bca042/framework/web/actions/CViewAction.php(123): CViewAction->resolveView('articulo-1')
#1 /Users/fermin/yii/yii-1.1.16.bca042/framework/web/actions/CAction.php(76): CViewAction->run()
#2 /Users/fermin/yii/yii-1.1.16.bca042/framework/web/CController.php(308): CAction->runWithParams(Array)
#3 /Users/fermin/yii/yii-1.1.16.bca042/framework/web/CController.php(286): CController->runAction(Object(CViewAction))
#4 /Users/fermin/yii/yii-1.1.16.bca042/framework/web/CController.php(265): CController->runActionWithFilters(Object(CViewAction), Array)
#5 /Users/fermin/yii/yii-1.1.16.bca042/framework/web/CWebApplication.php(282): CController->run('page')
#6 /Users/fermin/yii/yii-1.1.16.bca042/framework/web/CWebApplication.php(141): CWebApplication->runController('site/page')
#7 /Users/fermin/yii/yii-1.1.16.bca042/framework/base/CApplication.php(184): CWebApplication->processRequest()
#8 /Users/fermin/yii/Yii-examples/tutorial-yii/index.php(13): CApplication->run()
#9 {main}
REQUEST_URI=/tutorial-yii/index.php?r=site/page&view=articulo-1
HTTP_REFERER=http://yii/tutorial-yii/index.php?r=site/prueba
---
2015/01/07 10:35:24 [error] [php] Undefined variable: form (/Users/fermin/yii/Yii-examples/tutorial-yii/protected/views/site/registro.php:23)
Stack trace:
#0 /Users/fermin/yii/yii-1.1.16.bca042/framework/web/CController.php(869): SiteController->renderFile()
#1 /Users/fermin/yii/yii-1.1.16.bca042/framework/web/CController.php(782): SiteController->renderPartial()
#2 /Users/fermin/yii/Yii-examples/tutorial-yii/protected/controllers/SiteController.php(131): SiteController->render()
#3 /Users/fermin/yii/yii-1.1.16.bca042/framework/web/actions/CInlineAction.php(49): SiteController->actionRegistro()
#4 /Users/fermin/yii/yii-1.1.16.bca042/framework/web/CController.php(308): CInlineAction->runWithParams()
#5 /Users/fermin/yii/yii-1.1.16.bca042/framework/web/CController.php(286): SiteController->runAction()
#6 /Users/fermin/yii/yii-1.1.16.bca042/framework/web/CController.php(265): SiteController->runActionWithFilters()
#7 /Users/fermin/yii/yii-1.1.16.bca042/framework/web/CWebApplication.php(282): SiteController->run()
#8 /Users/fermin/yii/yii-1.1.16.bca042/framework/web/CWebApplication.php(141): CWebApplication->runController()
#9 /Users/fermin/yii/yii-1.1.16.bca042/framework/base/CApplication.php(184): CWebApplication->processRequest()
#10 /Users/fermin/yii/Yii-examples/tutorial-yii/index.php(13): CWebApplication->run()
REQUEST_URI=/tutorial-yii/index.php?r=site/registro
in /Users/fermin/yii/Yii-examples/tutorial-yii/protected/views/site/registro.php (23)
in /Users/fermin/yii/Yii-examples/tutorial-yii/protected/controllers/SiteController.php (131)
in /Users/fermin/yii/Yii-examples/tutorial-yii/index.php (13)
2015/01/07 10:35:25 [error] [php] Undefined variable: form (/Users/fermin/yii/Yii-examples/tutorial-yii/protected/views/site/registro.php:23)
Stack trace:
#0 /Users/fermin/yii/yii-1.1.16.bca042/framework/web/CController.php(869): SiteController->renderFile()
#1 /Users/fermin/yii/yii-1.1.16.bca042/framework/web/CController.php(782): SiteController->renderPartial()
#2 /Users/fermin/yii/Yii-examples/tutorial-yii/protected/controllers/SiteController.php(131): SiteController->render()
#3 /Users/fermin/yii/yii-1.1.16.bca042/framework/web/actions/CInlineAction.php(49): SiteController->actionRegistro()
#4 /Users/fermin/yii/yii-1.1.16.bca042/framework/web/CController.php(308): CInlineAction->runWithParams()
#5 /Users/fermin/yii/yii-1.1.16.bca042/framework/web/CController.php(286): SiteController->runAction()
#6 /Users/fermin/yii/yii-1.1.16.bca042/framework/web/CController.php(265): SiteController->runActionWithFilters()
#7 /Users/fermin/yii/yii-1.1.16.bca042/framework/web/CWebApplication.php(282): SiteController->run()
#8 /Users/fermin/yii/yii-1.1.16.bca042/framework/web/CWebApplication.php(141): CWebApplication->runController()
#9 /Users/fermin/yii/yii-1.1.16.bca042/framework/base/CApplication.php(184): CWebApplication->processRequest()
#10 /Users/fermin/yii/Yii-examples/tutorial-yii/index.php(13): CWebApplication->run()
REQUEST_URI=/tutorial-yii/index.php?r=site/registro
in /Users/fermin/yii/Yii-examples/tutorial-yii/protected/views/site/registro.php (23)
in /Users/fermin/yii/Yii-examples/tutorial-yii/protected/controllers/SiteController.php (131)
in /Users/fermin/yii/Yii-examples/tutorial-yii/index.php (13)
2015/01/07 10:35:25 [error] [php] Undefined variable: form (/Users/fermin/yii/Yii-examples/tutorial-yii/protected/views/site/registro.php:23)
Stack trace:
#0 /Users/fermin/yii/yii-1.1.16.bca042/framework/web/CController.php(869): SiteController->renderFile()
#1 /Users/fermin/yii/yii-1.1.16.bca042/framework/web/CController.php(782): SiteController->renderPartial()
#2 /Users/fermin/yii/Yii-examples/tutorial-yii/protected/controllers/SiteController.php(131): SiteController->render()
#3 /Users/fermin/yii/yii-1.1.16.bca042/framework/web/actions/CInlineAction.php(49): SiteController->actionRegistro()
#4 /Users/fermin/yii/yii-1.1.16.bca042/framework/web/CController.php(308): CInlineAction->runWithParams()
#5 /Users/fermin/yii/yii-1.1.16.bca042/framework/web/CController.php(286): SiteController->runAction()
#6 /Users/fermin/yii/yii-1.1.16.bca042/framework/web/CController.php(265): SiteController->runActionWithFilters()
#7 /Users/fermin/yii/yii-1.1.16.bca042/framework/web/CWebApplication.php(282): SiteController->run()
#8 /Users/fermin/yii/yii-1.1.16.bca042/framework/web/CWebApplication.php(141): CWebApplication->runController()
#9 /Users/fermin/yii/yii-1.1.16.bca042/framework/base/CApplication.php(184): CWebApplication->processRequest()
#10 /Users/fermin/yii/Yii-examples/tutorial-yii/index.php(13): CWebApplication->run()
REQUEST_URI=/tutorial-yii/index.php?r=site/registro
in /Users/fermin/yii/Yii-examples/tutorial-yii/protected/views/site/registro.php (23)
in /Users/fermin/yii/Yii-examples/tutorial-yii/protected/controllers/SiteController.php (131)
in /Users/fermin/yii/Yii-examples/tutorial-yii/index.php (13)
2015/01/07 10:35:25 [error] [php] Undefined variable: form (/Users/fermin/yii/Yii-examples/tutorial-yii/protected/views/site/registro.php:23)
Stack trace:
#0 /Users/fermin/yii/yii-1.1.16.bca042/framework/web/CController.php(869): SiteController->renderFile()
#1 /Users/fermin/yii/yii-1.1.16.bca042/framework/web/CController.php(782): SiteController->renderPartial()
#2 /Users/fermin/yii/Yii-examples/tutorial-yii/protected/controllers/SiteController.php(131): SiteController->render()
#3 /Users/fermin/yii/yii-1.1.16.bca042/framework/web/actions/CInlineAction.php(49): SiteController->actionRegistro()
#4 /Users/fermin/yii/yii-1.1.16.bca042/framework/web/CController.php(308): CInlineAction->runWithParams()
#5 /Users/fermin/yii/yii-1.1.16.bca042/framework/web/CController.php(286): SiteController->runAction()
#6 /Users/fermin/yii/yii-1.1.16.bca042/framework/web/CController.php(265): SiteController->runActionWithFilters()
#7 /Users/fermin/yii/yii-1.1.16.bca042/framework/web/CWebApplication.php(282): SiteController->run()
#8 /Users/fermin/yii/yii-1.1.16.bca042/framework/web/CWebApplication.php(141): CWebApplication->runController()
#9 /Users/fermin/yii/yii-1.1.16.bca042/framework/base/CApplication.php(184): CWebApplication->processRequest()
#10 /Users/fermin/yii/Yii-examples/tutorial-yii/index.php(13): CWebApplication->run()
REQUEST_URI=/tutorial-yii/index.php?r=site/registro
in /Users/fermin/yii/Yii-examples/tutorial-yii/protected/views/site/registro.php (23)
in /Users/fermin/yii/Yii-examples/tutorial-yii/protected/controllers/SiteController.php (131)
in /Users/fermin/yii/Yii-examples/tutorial-yii/index.php (13)
2015/01/07 10:35:26 [error] [php] Undefined variable: form (/Users/fermin/yii/Yii-examples/tutorial-yii/protected/views/site/registro.php:23)
Stack trace:
#0 /Users/fermin/yii/yii-1.1.16.bca042/framework/web/CController.php(869): SiteController->renderFile()
#1 /Users/fermin/yii/yii-1.1.16.bca042/framework/web/CController.php(782): SiteController->renderPartial()
#2 /Users/fermin/yii/Yii-examples/tutorial-yii/protected/controllers/SiteController.php(131): SiteController->render()
#3 /Users/fermin/yii/yii-1.1.16.bca042/framework/web/actions/CInlineAction.php(49): SiteController->actionRegistro()
#4 /Users/fermin/yii/yii-1.1.16.bca042/framework/web/CController.php(308): CInlineAction->runWithParams()
#5 /Users/fermin/yii/yii-1.1.16.bca042/framework/web/CController.php(286): SiteController->runAction()
#6 /Users/fermin/yii/yii-1.1.16.bca042/framework/web/CController.php(265): SiteController->runActionWithFilters()
#7 /Users/fermin/yii/yii-1.1.16.bca042/framework/web/CWebApplication.php(282): SiteController->run()
#8 /Users/fermin/yii/yii-1.1.16.bca042/framework/web/CWebApplication.php(141): CWebApplication->runController()
#9 /Users/fermin/yii/yii-1.1.16.bca042/framework/base/CApplication.php(184): CWebApplication->processRequest()
#10 /Users/fermin/yii/Yii-examples/tutorial-yii/index.php(13): CWebApplication->run()
REQUEST_URI=/tutorial-yii/index.php?r=site/registro
in /Users/fermin/yii/Yii-examples/tutorial-yii/protected/views/site/registro.php (23)
in /Users/fermin/yii/Yii-examples/tutorial-yii/protected/controllers/SiteController.php (131)
in /Users/fermin/yii/Yii-examples/tutorial-yii/index.php (13)
2015/01/07 10:35:32 [error] [php] Undefined variable: model (/Users/fermin/yii/Yii-examples/tutorial-yii/protected/views/site/registro.php:23)
Stack trace:
#0 /Users/fermin/yii/yii-1.1.16.bca042/framework/web/CController.php(869): SiteController->renderFile()
#1 /Users/fermin/yii/yii-1.1.16.bca042/framework/web/CController.php(782): SiteController->renderPartial()
#2 /Users/fermin/yii/Yii-examples/tutorial-yii/protected/controllers/SiteController.php(131): SiteController->render()
#3 /Users/fermin/yii/yii-1.1.16.bca042/framework/web/actions/CInlineAction.php(49): SiteController->actionRegistro()
#4 /Users/fermin/yii/yii-1.1.16.bca042/framework/web/CController.php(308): CInlineAction->runWithParams()
#5 /Users/fermin/yii/yii-1.1.16.bca042/framework/web/CController.php(286): SiteController->runAction()
#6 /Users/fermin/yii/yii-1.1.16.bca042/framework/web/CController.php(265): SiteController->runActionWithFilters()
#7 /Users/fermin/yii/yii-1.1.16.bca042/framework/web/CWebApplication.php(282): SiteController->run()
#8 /Users/fermin/yii/yii-1.1.16.bca042/framework/web/CWebApplication.php(141): CWebApplication->runController()
#9 /Users/fermin/yii/yii-1.1.16.bca042/framework/base/CApplication.php(184): CWebApplication->processRequest()
#10 /Users/fermin/yii/Yii-examples/tutorial-yii/index.php(13): CWebApplication->run()
REQUEST_URI=/tutorial-yii/index.php?r=site/registro
in /Users/fermin/yii/Yii-examples/tutorial-yii/protected/views/site/registro.php (23)
in /Users/fermin/yii/Yii-examples/tutorial-yii/protected/controllers/SiteController.php (131)
in /Users/fermin/yii/Yii-examples/tutorial-yii/index.php (13)
2015/01/07 10:35:33 [error] [php] Undefined variable: model (/Users/fermin/yii/Yii-examples/tutorial-yii/protected/views/site/registro.php:23)
Stack trace:
#0 /Users/fermin/yii/yii-1.1.16.bca042/framework/web/CController.php(869): SiteController->renderFile()
#1 /Users/fermin/yii/yii-1.1.16.bca042/framework/web/CController.php(782): SiteController->renderPartial()
#2 /Users/fermin/yii/Yii-examples/tutorial-yii/protected/controllers/SiteController.php(131): SiteController->render()
#3 /Users/fermin/yii/yii-1.1.16.bca042/framework/web/actions/CInlineAction.php(49): SiteController->actionRegistro()
#4 /Users/fermin/yii/yii-1.1.16.bca042/framework/web/CController.php(308): CInlineAction->runWithParams()
#5 /Users/fermin/yii/yii-1.1.16.bca042/framework/web/CController.php(286): SiteController->runAction()
#6 /Users/fermin/yii/yii-1.1.16.bca042/framework/web/CController.php(265): SiteController->runActionWithFilters()
#7 /Users/fermin/yii/yii-1.1.16.bca042/framework/web/CWebApplication.php(282): SiteController->run()
#8 /Users/fermin/yii/yii-1.1.16.bca042/framework/web/CWebApplication.php(141): CWebApplication->runController()
#9 /Users/fermin/yii/yii-1.1.16.bca042/framework/base/CApplication.php(184): CWebApplication->processRequest()
#10 /Users/fermin/yii/Yii-examples/tutorial-yii/index.php(13): CWebApplication->run()
REQUEST_URI=/tutorial-yii/index.php?r=site/registro
in /Users/fermin/yii/Yii-examples/tutorial-yii/protected/views/site/registro.php (23)
in /Users/fermin/yii/Yii-examples/tutorial-yii/protected/controllers/SiteController.php (131)
in /Users/fermin/yii/Yii-examples/tutorial-yii/index.php (13)
2015/01/07 10:35:33 [error] [php] Undefined variable: model (/Users/fermin/yii/Yii-examples/tutorial-yii/protected/views/site/registro.php:23)
Stack trace:
#0 /Users/fermin/yii/yii-1.1.16.bca042/framework/web/CController.php(869): SiteController->renderFile()
#1 /Users/fermin/yii/yii-1.1.16.bca042/framework/web/CController.php(782): SiteController->renderPartial()
#2 /Users/fermin/yii/Yii-examples/tutorial-yii/protected/controllers/SiteController.php(131): SiteController->render()
#3 /Users/fermin/yii/yii-1.1.16.bca042/framework/web/actions/CInlineAction.php(49): SiteController->actionRegistro()
#4 /Users/fermin/yii/yii-1.1.16.bca042/framework/web/CController.php(308): CInlineAction->runWithParams()
#5 /Users/fermin/yii/yii-1.1.16.bca042/framework/web/CController.php(286): SiteController->runAction()
#6 /Users/fermin/yii/yii-1.1.16.bca042/framework/web/CController.php(265): SiteController->runActionWithFilters()
#7 /Users/fermin/yii/yii-1.1.16.bca042/framework/web/CWebApplication.php(282): SiteController->run()
#8 /Users/fermin/yii/yii-1.1.16.bca042/framework/web/CWebApplication.php(141): CWebApplication->runController()
#9 /Users/fermin/yii/yii-1.1.16.bca042/framework/base/CApplication.php(184): CWebApplication->processRequest()
#10 /Users/fermin/yii/Yii-examples/tutorial-yii/index.php(13): CWebApplication->run()
REQUEST_URI=/tutorial-yii/index.php?r=site/registro
in /Users/fermin/yii/Yii-examples/tutorial-yii/protected/views/site/registro.php (23)
in /Users/fermin/yii/Yii-examples/tutorial-yii/protected/controllers/SiteController.php (131)
in /Users/fermin/yii/Yii-examples/tutorial-yii/index.php (13)
2015/01/07 10:36:39 [error] [php] Undefined variable: model (/Users/fermin/yii/Yii-examples/tutorial-yii/protected/views/site/registro.php:23)
Stack trace:
#0 /Users/fermin/yii/yii-1.1.16.bca042/framework/web/CController.php(869): SiteController->renderFile()
#1 /Users/fermin/yii/yii-1.1.16.bca042/framework/web/CController.php(782): SiteController->renderPartial()
#2 /Users/fermin/yii/Yii-examples/tutorial-yii/protected/controllers/SiteController.php(131): SiteController->render()
#3 /Users/fermin/yii/yii-1.1.16.bca042/framework/web/actions/CInlineAction.php(49): SiteController->actionRegistro()
#4 /Users/fermin/yii/yii-1.1.16.bca042/framework/web/CController.php(308): CInlineAction->runWithParams()
#5 /Users/fermin/yii/yii-1.1.16.bca042/framework/web/CController.php(286): SiteController->runAction()
#6 /Users/fermin/yii/yii-1.1.16.bca042/framework/web/CController.php(265): SiteController->runActionWithFilters()
#7 /Users/fermin/yii/yii-1.1.16.bca042/framework/web/CWebApplication.php(282): SiteController->run()
#8 /Users/fermin/yii/yii-1.1.16.bca042/framework/web/CWebApplication.php(141): CWebApplication->runController()
#9 /Users/fermin/yii/yii-1.1.16.bca042/framework/base/CApplication.php(184): CWebApplication->processRequest()
#10 /Users/fermin/yii/Yii-examples/tutorial-yii/index.php(13): CWebApplication->run()
REQUEST_URI=/tutorial-yii/index.php?r=site/registro
in /Users/fermin/yii/Yii-examples/tutorial-yii/protected/views/site/registro.php (23)
in /Users/fermin/yii/Yii-examples/tutorial-yii/protected/controllers/SiteController.php (131)
in /Users/fermin/yii/Yii-examples/tutorial-yii/index.php (13)
2015/01/07 10:50:56 [error] [php] Undefined variable: mode (/Users/fermin/yii/Yii-examples/tutorial-yii/protected/views/site/registro.php:25)
Stack trace:
#0 /Users/fermin/yii/yii-1.1.16.bca042/framework/web/CController.php(869): SiteController->renderFile()
#1 /Users/fermin/yii/yii-1.1.16.bca042/framework/web/CController.php(782): SiteController->renderPartial()
#2 /Users/fermin/yii/Yii-examples/tutorial-yii/protected/controllers/SiteController.php(142): SiteController->render()
#3 /Users/fermin/yii/yii-1.1.16.bca042/framework/web/actions/CInlineAction.php(49): SiteController->actionRegistro()
#4 /Users/fermin/yii/yii-1.1.16.bca042/framework/web/CController.php(308): CInlineAction->runWithParams()
#5 /Users/fermin/yii/yii-1.1.16.bca042/framework/web/CController.php(286): SiteController->runAction()
#6 /Users/fermin/yii/yii-1.1.16.bca042/framework/web/CController.php(265): SiteController->runActionWithFilters()
#7 /Users/fermin/yii/yii-1.1.16.bca042/framework/web/CWebApplication.php(282): SiteController->run()
#8 /Users/fermin/yii/yii-1.1.16.bca042/framework/web/CWebApplication.php(141): CWebApplication->runController()
#9 /Users/fermin/yii/yii-1.1.16.bca042/framework/base/CApplication.php(184): CWebApplication->processRequest()
#10 /Users/fermin/yii/Yii-examples/tutorial-yii/index.php(13): CWebApplication->run()
REQUEST_URI=/tutorial-yii/index.php?r=site/registro
in /Users/fermin/yii/Yii-examples/tutorial-yii/protected/views/site/registro.php (25)
in /Users/fermin/yii/Yii-examples/tutorial-yii/protected/controllers/SiteController.php (142)
in /Users/fermin/yii/Yii-examples/tutorial-yii/index.php (13)
2015/01/07 10:50:57 [error] [php] Undefined variable: mode (/Users/fermin/yii/Yii-examples/tutorial-yii/protected/views/site/registro.php:25)
Stack trace:
#0 /Users/fermin/yii/yii-1.1.16.bca042/framework/web/CController.php(869): SiteController->renderFile()
#1 /Users/fermin/yii/yii-1.1.16.bca042/framework/web/CController.php(782): SiteController->renderPartial()
#2 /Users/fermin/yii/Yii-examples/tutorial-yii/protected/controllers/SiteController.php(142): SiteController->render()
#3 /Users/fermin/yii/yii-1.1.16.bca042/framework/web/actions/CInlineAction.php(49): SiteController->actionRegistro()
#4 /Users/fermin/yii/yii-1.1.16.bca042/framework/web/CController.php(308): CInlineAction->runWithParams()
#5 /Users/fermin/yii/yii-1.1.16.bca042/framework/web/CController.php(286): SiteController->runAction()
#6 /Users/fermin/yii/yii-1.1.16.bca042/framework/web/CController.php(265): SiteController->runActionWithFilters()
#7 /Users/fermin/yii/yii-1.1.16.bca042/framework/web/CWebApplication.php(282): SiteController->run()
#8 /Users/fermin/yii/yii-1.1.16.bca042/framework/web/CWebApplication.php(141): CWebApplication->runController()
#9 /Users/fermin/yii/yii-1.1.16.bca042/framework/base/CApplication.php(184): CWebApplication->processRequest()
#10 /Users/fermin/yii/Yii-examples/tutorial-yii/index.php(13): CWebApplication->run()
REQUEST_URI=/tutorial-yii/index.php?r=site/registro
in /Users/fermin/yii/Yii-examples/tutorial-yii/protected/views/site/registro.php (25)
in /Users/fermin/yii/Yii-examples/tutorial-yii/protected/controllers/SiteController.php (142)
in /Users/fermin/yii/Yii-examples/tutorial-yii/index.php (13)
